[0.430s] Invoking command in '/home/ubuntu/robot_ws/src/build/ign_ros2_control': CMAKE_PREFIX_PATH=${CMAKE_PREFIX_PATH}:/home/ubuntu/install/turtlebot3_teleop:/home/ubuntu/install/turtlebot3_example:/home/ubuntu/install/the_simplest_python_package:/home/ubuntu/install/python_package_with_a_node:/home/ubuntu/install/python_package_that_uses_the_library:/home/ubuntu/install/python_package_with_a_library:/home/ubuntu/ws_moveit/install/moveit_configs_utils:/home/ubuntu/turtlebot3_ws/install/turtlebot3_teleop:/opt/ros/humble /usr/bin/cmake /home/ubuntu/robot_ws/src/ign_ros2_control/ign_ros2_control -DCMAKE_BUILD_TYPE=Release -DAMENT_CMAKE_SYMLINK_INSTALL=1 -DCMAKE_INSTALL_PREFIX=/home/ubuntu/robot_ws/src/install
[0.559s] -- The C compiler identification is GNU 11.4.0
[1.022s] -- The CXX compiler identification is GNU 11.4.0
[1.461s] -- Detecting C compiler ABI info
[1.631s] -- Detecting C compiler ABI info - done
[1.639s] -- Check for working C compiler: /usr/bin/cc - skipped
[1.639s] -- Detecting C compile features
[1.639s] -- Detecting C compile features - done
[1.643s] -- Detecting CXX compiler ABI info
[1.772s] -- Detecting CXX compiler ABI info - done
[1.777s] -- Check for working CXX compiler: /usr/bin/c++ - skipped
[1.778s] -- Detecting CXX compile features
[1.778s] -- Detecting CXX compile features - done
[1.782s] -- Found ament_cmake: 1.3.5 (/opt/ros/humble/share/ament_cmake/cmake)
[1.997s] -- Found Python3: /usr/bin/python3.10 (found version "3.10.12") found components: Interpreter 
[2.067s] -- Override CMake install command with custom implementation using symlinks instead of copying resources
[2.141s] -- Found ament_index_cpp: 1.4.0 (/opt/ros/humble/share/ament_index_cpp/cmake)
[2.148s] -- Found controller_manager: 2.32.0 (/opt/ros/humble/share/controller_manager/cmake)
[2.334s] -- Found rosidl_generator_c: 3.1.5 (/opt/ros/humble/share/rosidl_generator_c/cmake)
[2.346s] -- Found rosidl_adapter: 3.1.5 (/opt/ros/humble/share/rosidl_adapter/cmake)
[2.364s] -- Found rosidl_generator_cpp: 3.1.5 (/opt/ros/humble/share/rosidl_generator_cpp/cmake)
[2.384s] -- Using all available rosidl_typesupport_c: rosidl_typesupport_fastrtps_c;rosidl_typesupport_introspection_c
[2.416s] -- Using all available rosidl_typesupport_cpp: rosidl_typesupport_fastrtps_cpp;rosidl_typesupport_introspection_cpp
[4.175s] -- Found rmw_implementation_cmake: 6.1.1 (/opt/ros/humble/share/rmw_implementation_cmake/cmake)
[4.182s] -- Found rmw_cyclonedds_cpp: 1.3.4 (/opt/ros/humble/share/rmw_cyclonedds_cpp/cmake)
[4.237s] -- Using RMW implementation 'rmw_cyclonedds_cpp' as default
[4.261s] -- Looking for pthread.h
[4.402s] -- Looking for pthread.h - found
[4.403s] -- Performing Test CMAKE_HAVE_LIBC_PTHREAD
[4.549s] -- Performing Test CMAKE_HAVE_LIBC_PTHREAD - Success
[4.550s] -- Found Threads: TRUE  
[5.101s] -- Found urdf: 2.6.0 (/opt/ros/humble/share/urdf/cmake)
[5.139s] -- Found yaml_cpp_vendor: 8.0.2 (/opt/ros/humble/share/yaml_cpp_vendor/cmake)
[6.638s] [31mCMake Error at CMakeLists.txt:44 (find_package):
[6.638s]   By not providing "Findignition-gazebo3.cmake" in CMAKE_MODULE_PATH this
[6.638s]   project has asked CMake to find a package configuration file provided by
[6.638s]   "ignition-gazebo3", but CMake did not find one.
[6.638s] 
[6.638s]   Could not find a package configuration file provided by "ignition-gazebo3"
[6.638s]   with any of the following names:
[6.638s] 
[6.638s]     ignition-gazebo3Config.cmake
[6.638s]     ignition-gazebo3-config.cmake
[6.638s] 
[6.638s]   Add the installation prefix of "ignition-gazebo3" to CMAKE_PREFIX_PATH or
[6.638s]   set "ignition-gazebo3_DIR" to a directory containing one of the above
[6.638s]   files.  If "ignition-gazebo3" provides a separate development package or
[6.638s]   SDK, be sure it has been installed.
[6.638s] 
[6.639s] [0m
[6.639s] -- Configuring incomplete, errors occurred!
[6.639s] See also "/home/ubuntu/robot_ws/src/build/ign_ros2_control/CMakeFiles/CMakeOutput.log".
