[  9%] [32mBuilding CXX object gmock/CMakeFiles/gmock_main.dir/src/gmock_main.cc.o[0m
[ 18%] [32mBuilding CXX object CMakeFiles/forward_command_controller.dir/src/forward_command_controller.cpp.o[0m
[ 27%] [32mBuilding CXX object gmock/CMakeFiles/gmock.dir/opt/ros/humble/src/gtest_vendor/src/gtest-all.cc.o[0m
[ 36%] [32mBuilding CXX object gmock/CMakeFiles/gmock.dir/src/gmock-all.cc.o[0m
[ 45%] [32m[1mLinking CXX static library libgmock_main.a[0m
[ 45%] Built target gmock_main
[01m[K/home/ubuntu/robot_ws/src/ros2_controllers/forward_command_controller/src/forward_command_controller.cpp:[m[K In member function ‘[01m[Kvirtual forward_command_controller::CallbackReturn forward_command_controller::ForwardCommandController::on_configure(const rclcpp_lifecycle::State&)[m[K’:
[01m[K/home/ubuntu/robot_ws/src/ros2_controllers/forward_command_controller/src/forward_command_controller.cpp:60:18:[m[K [01;31m[Kerror: [m[K‘[01m[Kstd::shared_ptr<rclcpp_lifecycle::LifecycleNode> controller_interface::ControllerInterfaceBase::node_[m[K’ is private within this context
   60 |   joint_names_ = [01;31m[Knode_[m[K->get_parameter("joints").as_string_array();
      |                  [01;31m[K^~~~~[m[K
In file included from [01m[K/opt/ros/humble/include/controller_interface/controller_interface.hpp:22[m[K,
                 from [01m[K/home/ubuntu/robot_ws/src/ros2_controllers/forward_command_controller/include/forward_command_controller/forward_command_controller.hpp:22[m[K,
                 from [01m[K/home/ubuntu/robot_ws/src/ros2_controllers/forward_command_controller/src/forward_command_controller.cpp:15[m[K:
[01m[K/opt/ros/humble/include/controller_interface/controller_interface_base.hpp:227:52:[m[K [01;36m[Knote: [m[Kdeclared private here
  227 |   std::shared_ptr<rclcpp_lifecycle::LifecycleNode> [01;36m[Knode_[m[K;
      |                                                    [01;36m[K^~~~~[m[K
[01m[K/home/ubuntu/robot_ws/src/ros2_controllers/forward_command_controller/src/forward_command_controller.cpp:71:23:[m[K [01;31m[Kerror: [m[K‘[01m[Kstd::shared_ptr<rclcpp_lifecycle::LifecycleNode> controller_interface::ControllerInterfaceBase::node_[m[K’ is private within this context
   71 |     interface_name_ = [01;31m[Knode_[m[K->get_parameter("interface_name").as_string();
      |                       [01;31m[K^~~~~[m[K
In file included from [01m[K/opt/ros/humble/include/controller_interface/controller_interface.hpp:22[m[K,
                 from [01m[K/home/ubuntu/robot_ws/src/ros2_controllers/forward_command_controller/include/forward_command_controller/forward_command_controller.hpp:22[m[K,
                 from [01m[K/home/ubuntu/robot_ws/src/ros2_controllers/forward_command_controller/src/forward_command_controller.cpp:15[m[K:
[01m[K/opt/ros/humble/include/controller_interface/controller_interface_base.hpp:227:52:[m[K [01;36m[Knote: [m[Kdeclared private here
  227 |   std::shared_ptr<rclcpp_lifecycle::LifecycleNode> [01;36m[Knode_[m[K;
      |                                                    [01;36m[K^~~~~[m[K
In file included from [01m[K/opt/ros/humble/include/rclcpp/rclcpp/client.hpp:40[m[K,
                 from [01m[K/opt/ros/humble/include/rclcpp/rclcpp/callback_group.hpp:24[m[K,
                 from [01m[K/opt/ros/humble/include/rclcpp/rclcpp/any_executable.hpp:20[m[K,
                 from [01m[K/opt/ros/humble/include/rclcpp/rclcpp/memory_strategy.hpp:25[m[K,
                 from [01m[K/opt/ros/humble/include/rclcpp/rclcpp/memory_strategies.hpp:18[m[K,
                 from [01m[K/opt/ros/humble/include/rclcpp/rclcpp/executor_options.hpp:20[m[K,
                 from [01m[K/opt/ros/humble/include/rclcpp/rclcpp/executor.hpp:37[m[K,
                 from [01m[K/opt/ros/humble/include/rclcpp/rclcpp/executors/multi_threaded_executor.hpp:25[m[K,
                 from [01m[K/opt/ros/humble/include/rclcpp/rclcpp/executors.hpp:21[m[K,
                 from [01m[K/opt/ros/humble/include/rclcpp/rclcpp/rclcpp.hpp:155[m[K,
                 from [01m[K/opt/ros/humble/include/controller_interface/controller_interface_base.hpp:28[m[K,
                 from [01m[K/opt/ros/humble/include/controller_interface/controller_interface.hpp:22[m[K,
                 from [01m[K/home/ubuntu/robot_ws/src/ros2_controllers/forward_command_controller/include/forward_command_controller/forward_command_controller.hpp:22[m[K,
                 from [01m[K/home/ubuntu/robot_ws/src/ros2_controllers/forward_command_controller/src/forward_command_controller.cpp:15[m[K:
[01m[K/home/ubuntu/robot_ws/src/ros2_controllers/forward_command_controller/src/forward_command_controller.cpp:[m[K In member function ‘[01m[Kvirtual forward_command_controller::CallbackReturn forward_command_controller::ForwardCommandController::on_activate(const rclcpp_lifecycle::State&)[m[K’:
[01m[K/home/ubuntu/robot_ws/src/ros2_controllers/forward_command_controller/src/forward_command_controller.cpp:120:5:[m[K [01;31m[Kerror: [m[K‘[01m[Kstd::shared_ptr<rclcpp_lifecycle::LifecycleNode> controller_interface::ControllerInterfaceBase::node_[m[K’ is private within this context
  120 |     [01;31m[KRCLCPP_ERROR[m[K(
      |     [01;31m[K^~~~~~~~~~~~[m[K
In file included from [01m[K/opt/ros/humble/include/controller_interface/controller_interface.hpp:22[m[K,
                 from [01m[K/home/ubuntu/robot_ws/src/ros2_controllers/forward_command_controller/include/forward_command_controller/forward_command_controller.hpp:22[m[K,
                 from [01m[K/home/ubuntu/robot_ws/src/ros2_controllers/forward_command_controller/src/forward_command_controller.cpp:15[m[K:
[01m[K/opt/ros/humble/include/controller_interface/controller_interface_base.hpp:227:52:[m[K [01;36m[Knote: [m[Kdeclared private here
  227 |   std::shared_ptr<rclcpp_lifecycle::LifecycleNode> [01;36m[Knode_[m[K;
      |                                                    [01;36m[K^~~~~[m[K
In file included from [01m[K/opt/ros/humble/include/rclcpp/rclcpp/logging.hpp:24[m[K,
                 from [01m[K/opt/ros/humble/include/rclcpp/rclcpp/client.hpp:40[m[K,
                 from [01m[K/opt/ros/humble/include/rclcpp/rclcpp/callback_group.hpp:24[m[K,
                 from [01m[K/opt/ros/humble/include/rclcpp/rclcpp/any_executable.hpp:20[m[K,
                 from [01m[K/opt/ros/humble/include/rclcpp/rclcpp/memory_strategy.hpp:25[m[K,
                 from [01m[K/opt/ros/humble/include/rclcpp/rclcpp/memory_strategies.hpp:18[m[K,
                 from [01m[K/opt/ros/humble/include/rclcpp/rclcpp/executor_options.hpp:20[m[K,
                 from [01m[K/opt/ros/humble/include/rclcpp/rclcpp/executor.hpp:37[m[K,
                 from [01m[K/opt/ros/humble/include/rclcpp/rclcpp/executors/multi_threaded_executor.hpp:25[m[K,
                 from [01m[K/opt/ros/humble/include/rclcpp/rclcpp/executors.hpp:21[m[K,
                 from [01m[K/opt/ros/humble/include/rclcpp/rclcpp/rclcpp.hpp:155[m[K,
                 from [01m[K/opt/ros/humble/include/controller_interface/controller_interface_base.hpp:28[m[K,
                 from [01m[K/opt/ros/humble/include/controller_interface/controller_interface.hpp:22[m[K,
                 from [01m[K/home/ubuntu/robot_ws/src/ros2_controllers/forward_command_controller/include/forward_command_controller/forward_command_controller.hpp:22[m[K,
                 from [01m[K/home/ubuntu/robot_ws/src/ros2_controllers/forward_command_controller/src/forward_command_controller.cpp:15[m[K:
[01m[K/home/ubuntu/robot_ws/src/ros2_controllers/forward_command_controller/src/forward_command_controller.cpp:121:7:[m[K [01;31m[Kerror: [m[K‘[01m[Kstd::shared_ptr<rclcpp_lifecycle::LifecycleNode> controller_interface::ControllerInterfaceBase::node_[m[K’ is private within this context
  121 |       [01;31m[Knode_[m[K->get_logger(), "Expected %zu position command interfaces, got %zu", joint_names_.size(),
      |       [01;31m[K^~~~~[m[K
In file included from [01m[K/opt/ros/humble/include/controller_interface/controller_interface.hpp:22[m[K,
                 from [01m[K/home/ubuntu/robot_ws/src/ros2_controllers/forward_command_controller/include/forward_command_controller/forward_command_controller.hpp:22[m[K,
                 from [01m[K/home/ubuntu/robot_ws/src/ros2_controllers/forward_command_controller/src/forward_command_controller.cpp:15[m[K:
[01m[K/opt/ros/humble/include/controller_interface/controller_interface_base.hpp:227:52:[m[K [01;36m[Knote: [m[Kdeclared private here
  227 |   std::shared_ptr<rclcpp_lifecycle::LifecycleNode> [01;36m[Knode_[m[K;
      |                                                    [01;36m[K^~~~~[m[K
In file included from [01m[K/opt/ros/humble/include/rclcpp/rclcpp/logging.hpp:24[m[K,
                 from [01m[K/opt/ros/humble/include/rclcpp/rclcpp/client.hpp:40[m[K,
                 from [01m[K/opt/ros/humble/include/rclcpp/rclcpp/callback_group.hpp:24[m[K,
                 from [01m[K/opt/ros/humble/include/rclcpp/rclcpp/any_executable.hpp:20[m[K,
                 from [01m[K/opt/ros/humble/include/rclcpp/rclcpp/memory_strategy.hpp:25[m[K,
                 from [01m[K/opt/ros/humble/include/rclcpp/rclcpp/memory_strategies.hpp:18[m[K,
                 from [01m[K/opt/ros/humble/include/rclcpp/rclcpp/executor_options.hpp:20[m[K,
                 from [01m[K/opt/ros/humble/include/rclcpp/rclcpp/executor.hpp:37[m[K,
                 from [01m[K/opt/ros/humble/include/rclcpp/rclcpp/executors/multi_threaded_executor.hpp:25[m[K,
                 from [01m[K/opt/ros/humble/include/rclcpp/rclcpp/executors.hpp:21[m[K,
                 from [01m[K/opt/ros/humble/include/rclcpp/rclcpp/rclcpp.hpp:155[m[K,
                 from [01m[K/opt/ros/humble/include/controller_interface/controller_interface_base.hpp:28[m[K,
                 from [01m[K/opt/ros/humble/include/controller_interface/controller_interface.hpp:22[m[K,
                 from [01m[K/home/ubuntu/robot_ws/src/ros2_controllers/forward_command_controller/include/forward_command_controller/forward_command_controller.hpp:22[m[K,
                 from [01m[K/home/ubuntu/robot_ws/src/ros2_controllers/forward_command_controller/src/forward_command_controller.cpp:15[m[K:
[01m[K/home/ubuntu/robot_ws/src/ros2_controllers/forward_command_controller/src/forward_command_controller.cpp:121:7:[m[K [01;31m[Kerror: [m[K‘[01m[Kstd::shared_ptr<rclcpp_lifecycle::LifecycleNode> controller_interface::ControllerInterfaceBase::node_[m[K’ is private within this context
  121 |       [01;31m[Knode_[m[K->get_logger(), "Expected %zu position command interfaces, got %zu", joint_names_.size(),
      |       [01;31m[K^~~~~[m[K
In file included from [01m[K/opt/ros/humble/include/controller_interface/controller_interface.hpp:22[m[K,
                 from [01m[K/home/ubuntu/robot_ws/src/ros2_controllers/forward_command_controller/include/forward_command_controller/forward_command_controller.hpp:22[m[K,
                 from [01m[K/home/ubuntu/robot_ws/src/ros2_controllers/forward_command_controller/src/forward_command_controller.cpp:15[m[K:
[01m[K/opt/ros/humble/include/controller_interface/controller_interface_base.hpp:227:52:[m[K [01;36m[Knote: [m[Kdeclared private here
  227 |   std::shared_ptr<rclcpp_lifecycle::LifecycleNode> [01;36m[Knode_[m[K;
      |                                                    [01;36m[K^~~~~[m[K
In file included from [01m[K/opt/ros/humble/include/rclcpp/rclcpp/client.hpp:40[m[K,
                 from [01m[K/opt/ros/humble/include/rclcpp/rclcpp/callback_group.hpp:24[m[K,
                 from [01m[K/opt/ros/humble/include/rclcpp/rclcpp/any_executable.hpp:20[m[K,
                 from [01m[K/opt/ros/humble/include/rclcpp/rclcpp/memory_strategy.hpp:25[m[K,
                 from [01m[K/opt/ros/humble/include/rclcpp/rclcpp/memory_strategies.hpp:18[m[K,
                 from [01m[K/opt/ros/humble/include/rclcpp/rclcpp/executor_options.hpp:20[m[K,
                 from [01m[K/opt/ros/humble/include/rclcpp/rclcpp/executor.hpp:37[m[K,
                 from [01m[K/opt/ros/humble/include/rclcpp/rclcpp/executors/multi_threaded_executor.hpp:25[m[K,
                 from [01m[K/opt/ros/humble/include/rclcpp/rclcpp/executors.hpp:21[m[K,
                 from [01m[K/opt/ros/humble/include/rclcpp/rclcpp/rclcpp.hpp:155[m[K,
                 from [01m[K/opt/ros/humble/include/controller_interface/controller_interface_base.hpp:28[m[K,
                 from [01m[K/opt/ros/humble/include/controller_interface/controller_interface.hpp:22[m[K,
                 from [01m[K/home/ubuntu/robot_ws/src/ros2_controllers/forward_command_controller/include/forward_command_controller/forward_command_controller.hpp:22[m[K,
                 from [01m[K/home/ubuntu/robot_ws/src/ros2_controllers/forward_command_controller/src/forward_command_controller.cpp:15[m[K:
[01m[K/home/ubuntu/robot_ws/src/ros2_controllers/forward_command_controller/src/forward_command_controller.cpp:[m[K In member function ‘[01m[Kvirtual controller_interface::return_type forward_command_controller::ForwardCommandController::update(const rclcpp::Time&, const rclcpp::Duration&)[m[K’:
[01m[K/home/ubuntu/robot_ws/src/ros2_controllers/forward_command_controller/src/forward_command_controller.cpp:154:34:[m[K [01;31m[Kerror: [m[K‘[01m[Kstd::shared_ptr<rclcpp_lifecycle::LifecycleNode> controller_interface::ControllerInterfaceBase::node_[m[K’ is private within this context
  154 |       get_node()->get_logger(), *[01;31m[Knode_[m[K->get_clock(), 1000,
      |                                  [01;31m[K^~~~~[m[K
In file included from [01m[K/opt/ros/humble/include/controller_interface/controller_interface.hpp:22[m[K,
                 from [01m[K/home/ubuntu/robot_ws/src/ros2_controllers/forward_command_controller/include/forward_command_controller/forward_command_controller.hpp:22[m[K,
                 from [01m[K/home/ubuntu/robot_ws/src/ros2_controllers/forward_command_controller/src/forward_command_controller.cpp:15[m[K:
[01m[K/opt/ros/humble/include/controller_interface/controller_interface_base.hpp:227:52:[m[K [01;36m[Knote: [m[Kdeclared private here
  227 |   std::shared_ptr<rclcpp_lifecycle::LifecycleNode> [01;36m[Knode_[m[K;
      |                                                    [01;36m[K^~~~~[m[K
gmake[2]: *** [CMakeFiles/forward_command_controller.dir/build.make:76: CMakeFiles/forward_command_controller.dir/src/forward_command_controller.cpp.o] Error 1
gmake[1]: *** [CMakeFiles/Makefile2:178: CMakeFiles/forward_command_controller.dir/all] Error 2
gmake[1]: *** Waiting for unfinished jobs....
[ 54%] [32m[1mLinking CXX static library libgmock.a[0m
[ 54%] Built target gmock
gmake: *** [Makefile:146: all] Error 2
