[0.083s] Invoking command in '/home/ubuntu/robot_ws/build/multi_robot_arm': CMAKE_PREFIX_PATH=${CMAKE_PREFIX_PATH}:/home/ubuntu/ws_moveit/install/moveit_configs_utils:/home/ubuntu/turtlebot3_ws/install/turtlebot3_teleop:/opt/ros/humble /usr/bin/cmake /home/ubuntu/robot_ws/src/multi_robot_arm -DAMENT_CMAKE_SYMLINK_INSTALL=1 -DCMAKE_INSTALL_PREFIX=/home/ubuntu/robot_ws/install/multi_robot_arm
[0.274s] -- The C compiler identification is GNU 11.4.0
[0.750s] -- The CXX compiler identification is GNU 11.4.0
[1.058s] -- Detecting C compiler ABI info
[1.165s] -- Detecting C compiler ABI info - done
[1.169s] -- Check for working C compiler: /usr/bin/cc - skipped
[1.170s] -- Detecting C compile features
[1.171s] -- Detecting C compile features - done
[1.174s] -- Detecting CXX compiler ABI info
[1.287s] -- Detecting CXX compiler ABI info - done
[1.291s] -- Check for working CXX compiler: /usr/bin/c++ - skipped
[1.291s] -- Detecting CXX compile features
[1.291s] -- Detecting CXX compile features - done
[1.299s] -- Found ament_cmake: 1.3.5 (/opt/ros/humble/share/ament_cmake/cmake)
[1.410s] -- Found Python3: /usr/bin/python3.10 (found version "3.10.12") found components: Interpreter 
[1.453s] -- Override CMake install command with custom implementation using symlinks instead of copying resources
[1.504s] -- Found rclcpp: 16.0.6 (/opt/ros/humble/share/rclcpp/cmake)
[1.647s] -- Found rosidl_generator_c: 3.1.5 (/opt/ros/humble/share/rosidl_generator_c/cmake)
[1.656s] -- Found rosidl_adapter: 3.1.5 (/opt/ros/humble/share/rosidl_adapter/cmake)
[1.667s] -- Found rosidl_generator_cpp: 3.1.5 (/opt/ros/humble/share/rosidl_generator_cpp/cmake)
[1.684s] -- Using all available rosidl_typesupport_c: rosidl_typesupport_fastrtps_c;rosidl_typesupport_introspection_c
[1.706s] -- Using all available rosidl_typesupport_cpp: rosidl_typesupport_fastrtps_cpp;rosidl_typesupport_introspection_cpp
[1.776s] -- Found rmw_implementation_cmake: 6.1.1 (/opt/ros/humble/share/rmw_implementation_cmake/cmake)
[1.782s] -- Found rmw_cyclonedds_cpp: 1.3.4 (/opt/ros/humble/share/rmw_cyclonedds_cpp/cmake)
[1.824s] -- Using RMW implementation 'rmw_cyclonedds_cpp' as default
[1.839s] -- Looking for pthread.h
[1.948s] -- Looking for pthread.h - found
[1.948s] -- Performing Test CMAKE_HAVE_LIBC_PTHREAD
[2.044s] -- Performing Test CMAKE_HAVE_LIBC_PTHREAD - Success
[2.044s] -- Found Threads: TRUE  
[2.156s] -- Found gazebo_ros: 3.7.0 (/opt/ros/humble/share/gazebo_ros/cmake)
[2.170s] -- Found PkgConfig: /usr/bin/pkg-config (found version "0.29.2") 
[2.170s] -- Checking for module 'bullet>=2.82'
[2.180s] --   Found bullet, version 3.05
[2.287s] -- Found fcl: /usr/include (found suitable version "0.7.0", minimum required is "0.5.0") 
[2.317s] -- Found assimp: /usr/include (found version "5.2.0") 
[2.343s] -- Found DART: /usr/include (Required is at least version "6.6") found components: dart 
[2.374s] -- Found Boost: /usr/lib/x86_64-linux-gnu/cmake/Boost-1.74.0/BoostConfig.cmake (found suitable version "1.74.0", minimum required is "1.40.0") found components: thread system filesystem program_options regex iostreams date_time 
[2.663s] -- Found Protobuf: /usr/lib/x86_64-linux-gnu/libprotobuf.so (found version "3.12.4") 
[2.671s] -- Looking for ignition-math6 -- found version 6.15.0
[2.680s] -- Searching for dependencies of ignition-math6
[2.683s] -- Looking for OGRE...
[2.683s] -- OGRE_PREFIX_WATCH changed.
[2.686s] -- Checking for module 'OGRE'
[2.694s] --   Found OGRE, version 1.9.0
[2.712s] -- Found Ogre Ghadamon (1.9.0)
[3.017s] -- Found OGRE: optimized;/usr/lib/x86_64-linux-gnu/libOgreMain.so;debug;/usr/lib/x86_64-linux-gnu/libOgreMain.so
[3.022s] -- Looking for OGRE_Paging...
[3.295s] -- Found OGRE_Paging: optimized;/usr/lib/x86_64-linux-gnu/libOgrePaging.so;debug;/usr/lib/x86_64-linux-gnu/libOgrePaging.so
[3.295s] -- Looking for OGRE_Terrain...
[3.565s] -- Found OGRE_Terrain: optimized;/usr/lib/x86_64-linux-gnu/libOgreTerrain.so;debug;/usr/lib/x86_64-linux-gnu/libOgreTerrain.so
[3.565s] -- Looking for OGRE_Property...
[3.835s] -- Found OGRE_Property: optimized;/usr/lib/x86_64-linux-gnu/libOgreProperty.so;debug;/usr/lib/x86_64-linux-gnu/libOgreProperty.so
[3.835s] -- Looking for OGRE_RTShaderSystem...
[4.105s] -- Found OGRE_RTShaderSystem: optimized;/usr/lib/x86_64-linux-gnu/libOgreRTShaderSystem.so;debug;/usr/lib/x86_64-linux-gnu/libOgreRTShaderSystem.so
[4.105s] -- Looking for OGRE_Volume...
[4.393s] -- Found OGRE_Volume: optimized;/usr/lib/x86_64-linux-gnu/libOgreVolume.so;debug;/usr/lib/x86_64-linux-gnu/libOgreVolume.so
[4.393s] -- Looking for OGRE_Overlay...
[4.665s] -- Found OGRE_Overlay: optimized;/usr/lib/x86_64-linux-gnu/libOgreOverlay.so;debug;/usr/lib/x86_64-linux-gnu/libOgreOverlay.so
[19.625s] -- Looking for ignition-math6 -- found version 6.15.0
[19.631s] -- Looking for ignition-transport8 -- found version 8.2.1
[19.632s] -- Searching for dependencies of ignition-transport8
[20.495s] -- Found Protobuf: /usr/lib/x86_64-linux-gnu/libprotobuf.so (found suitable version "3.12.4", minimum required is "3") 
[21.335s] -- Config-file not installed for ZeroMQ -- checking for pkg-config
[21.338s] -- Checking for module 'libzmq >= 4'
[21.351s] --   Found libzmq , version 4.3.4
[21.370s] -- Found ZeroMQ: TRUE (Required is at least version "4") 
[21.459s] -- Checking for module 'uuid'
[21.468s] --   Found uuid, version 2.37.2
[21.488s] -- Found UUID: TRUE  
[21.493s] -- Looking for ignition-msgs5 -- found version 5.8.1
[21.493s] -- Searching for dependencies of ignition-msgs5
[22.320s] -- Looking for ignition-math6 -- found version 6.15.0
[22.326s] -- Checking for module 'tinyxml2'
[22.334s] --   Found tinyxml2, version 9.0.0
[22.354s] -- Looking for ignition-msgs5 -- found version 5.8.1
[22.358s] -- Looking for ignition-common3 -- found version 3.14.0
[22.358s] -- Searching for dependencies of ignition-common3
[22.386s] -- Looking for dlfcn.h - found
[22.415s] -- Looking for libdl - found
[22.416s] -- Found DL: TRUE  
[22.529s] -- Found tinyobjloader: /usr/lib/x86_64-linux-gnu/cmake/tinyobjloader/tinyobjloader-config.cmake (found version "2.0.0") 
[22.529s] -- Searching for <ignition-common3> component [graphics]
[22.533s] -- Looking for ignition-common3-graphics -- found version 3.14.0
[22.534s] -- Searching for dependencies of ignition-common3-graphics
[22.534s] -- Looking for ignition-math6 -- found version 6.15.0
[22.538s] -- Looking for ignition-fuel_tools4 -- found version 4.4.0
[22.539s] -- Searching for dependencies of ignition-fuel_tools4
[23.642s] -- Found CURL: /usr/lib/x86_64-linux-gnu/libcurl.so (found version "7.81.0")  
[23.651s] -- Checking for module 'jsoncpp'
[23.660s] --   Found jsoncpp, version 1.9.5
[23.677s] -- Found JSONCPP: TRUE  
[23.681s] -- Checking for module 'libzip'
[23.691s] --   Found libzip, version 1.7.3
[23.711s] -- Found ZIP: TRUE  
[23.712s] -- Looking for ignition-common3 -- found version 3.14.0
[23.712s] -- Looking for ignition-math6 -- found version 6.15.0
[23.712s] -- Looking for ignition-msgs5 -- found version 5.8.1
[23.719s] -- Gazebo version: 11.10
[23.719s] -- Checking for module 'tbb'
[23.728s] --   Found tbb, version 2021.5.0
[23.784s] -- Configuring done
[23.787s] -- Generating done
[23.788s] -- Build files have been written to: /home/ubuntu/robot_ws/build/multi_robot_arm
[23.795s] Invoked command in '/home/ubuntu/robot_ws/build/multi_robot_arm' returned '0': CMAKE_PREFIX_PATH=${CMAKE_PREFIX_PATH}:/home/ubuntu/ws_moveit/install/moveit_configs_utils:/home/ubuntu/turtlebot3_ws/install/turtlebot3_teleop:/opt/ros/humble /usr/bin/cmake /home/ubuntu/robot_ws/src/multi_robot_arm -DAMENT_CMAKE_SYMLINK_INSTALL=1 -DCMAKE_INSTALL_PREFIX=/home/ubuntu/robot_ws/install/multi_robot_arm
[23.796s] Invoking command in '/home/ubuntu/robot_ws/build/multi_robot_arm': CMAKE_PREFIX_PATH=${CMAKE_PREFIX_PATH}:/home/ubuntu/ws_moveit/install/moveit_configs_utils:/home/ubuntu/turtlebot3_ws/install/turtlebot3_teleop:/opt/ros/humble /usr/bin/cmake --build /home/ubuntu/robot_ws/build/multi_robot_arm -- -j20 -l20
[23.821s] Invoked command in '/home/ubuntu/robot_ws/build/multi_robot_arm' returned '0': CMAKE_PREFIX_PATH=${CMAKE_PREFIX_PATH}:/home/ubuntu/ws_moveit/install/moveit_configs_utils:/home/ubuntu/turtlebot3_ws/install/turtlebot3_teleop:/opt/ros/humble /usr/bin/cmake --build /home/ubuntu/robot_ws/build/multi_robot_arm -- -j20 -l20
[23.836s] Invoking command in '/home/ubuntu/robot_ws/build/multi_robot_arm': CMAKE_PREFIX_PATH=${CMAKE_PREFIX_PATH}:/home/ubuntu/ws_moveit/install/moveit_configs_utils:/home/ubuntu/turtlebot3_ws/install/turtlebot3_teleop:/opt/ros/humble /usr/bin/cmake --install /home/ubuntu/robot_ws/build/multi_robot_arm
[23.840s] -- Install configuration: ""
[23.841s] -- Execute custom install script
[23.841s] -- Symlinking: /home/ubuntu/robot_ws/install/multi_robot_arm/share/multi_robot_arm/launch/gazebo_arm.launch.py
[23.846s] -- Symlinking: /home/ubuntu/robot_ws/install/multi_robot_arm/share/multi_robot_arm/config/ur/ur5/chomp_planning.yaml
[23.850s] -- Symlinking: /home/ubuntu/robot_ws/install/multi_robot_arm/share/multi_robot_arm/config/ur/ur5/default_kinematics.yaml
[23.855s] -- Symlinking: /home/ubuntu/robot_ws/install/multi_robot_arm/share/multi_robot_arm/config/ur/ur5/initial_positions.yaml
[23.859s] -- Symlinking: /home/ubuntu/robot_ws/install/multi_robot_arm/share/multi_robot_arm/config/ur/ur5/joint_limits.yaml
[23.864s] -- Symlinking: /home/ubuntu/robot_ws/install/multi_robot_arm/share/multi_robot_arm/config/ur/ur5/joint_limits_planning.yaml
[23.868s] -- Symlinking: /home/ubuntu/robot_ws/install/multi_robot_arm/share/multi_robot_arm/config/ur/ur5/kinematics.yaml
[23.872s] -- Symlinking: /home/ubuntu/robot_ws/install/multi_robot_arm/share/multi_robot_arm/config/ur/ur5/moveit_controller_manager.yaml
[23.877s] -- Symlinking: /home/ubuntu/robot_ws/install/multi_robot_arm/share/multi_robot_arm/config/ur/ur5/ompl_planning.yaml
[23.883s] -- Symlinking: /home/ubuntu/robot_ws/install/multi_robot_arm/share/multi_robot_arm/config/ur/ur5/physical_parameters.yaml
[23.887s] -- Symlinking: /home/ubuntu/robot_ws/install/multi_robot_arm/share/multi_robot_arm/config/ur/ur5/robot.srdf
[23.892s] -- Symlinking: /home/ubuntu/robot_ws/install/multi_robot_arm/share/multi_robot_arm/config/ur/ur5/ros_controllers_robot.yaml
[23.897s] -- Symlinking: /home/ubuntu/robot_ws/install/multi_robot_arm/share/multi_robot_arm/config/ur/ur5/visual_parameters.yaml
[23.903s] -- Symlinking: /home/ubuntu/robot_ws/install/multi_robot_arm/share/multi_robot_arm/urdf/ur/inc/ur_common.xacro
[23.907s] -- Symlinking: /home/ubuntu/robot_ws/install/multi_robot_arm/share/multi_robot_arm/urdf/ur/inc/ur_transmissions.xacro
[23.912s] -- Symlinking: /home/ubuntu/robot_ws/install/multi_robot_arm/share/multi_robot_arm/urdf/ur/meshes/ur5/collision/base.stl
[23.916s] -- Symlinking: /home/ubuntu/robot_ws/install/multi_robot_arm/share/multi_robot_arm/urdf/ur/meshes/ur5/collision/forearm.stl
[23.921s] -- Symlinking: /home/ubuntu/robot_ws/install/multi_robot_arm/share/multi_robot_arm/urdf/ur/meshes/ur5/collision/shoulder.stl
[23.925s] -- Symlinking: /home/ubuntu/robot_ws/install/multi_robot_arm/share/multi_robot_arm/urdf/ur/meshes/ur5/collision/upperarm.stl
[23.929s] -- Symlinking: /home/ubuntu/robot_ws/install/multi_robot_arm/share/multi_robot_arm/urdf/ur/meshes/ur5/collision/wrist1.stl
[23.934s] -- Symlinking: /home/ubuntu/robot_ws/install/multi_robot_arm/share/multi_robot_arm/urdf/ur/meshes/ur5/collision/wrist2.stl
[23.938s] -- Symlinking: /home/ubuntu/robot_ws/install/multi_robot_arm/share/multi_robot_arm/urdf/ur/meshes/ur5/collision/wrist3.stl
[23.943s] -- Symlinking: /home/ubuntu/robot_ws/install/multi_robot_arm/share/multi_robot_arm/urdf/ur/meshes/ur5/visual/base.dae
[23.947s] -- Symlinking: /home/ubuntu/robot_ws/install/multi_robot_arm/share/multi_robot_arm/urdf/ur/meshes/ur5/visual/forearm.dae
[23.952s] -- Symlinking: /home/ubuntu/robot_ws/install/multi_robot_arm/share/multi_robot_arm/urdf/ur/meshes/ur5/visual/shoulder.dae
[23.956s] -- Symlinking: /home/ubuntu/robot_ws/install/multi_robot_arm/share/multi_robot_arm/urdf/ur/meshes/ur5/visual/upperarm.dae
[23.961s] -- Symlinking: /home/ubuntu/robot_ws/install/multi_robot_arm/share/multi_robot_arm/urdf/ur/meshes/ur5/visual/wrist1.dae
[23.965s] -- Symlinking: /home/ubuntu/robot_ws/install/multi_robot_arm/share/multi_robot_arm/urdf/ur/meshes/ur5/visual/wrist2.dae
[23.970s] -- Symlinking: /home/ubuntu/robot_ws/install/multi_robot_arm/share/multi_robot_arm/urdf/ur/meshes/ur5/visual/wrist3.dae
[23.975s] -- Symlinking: /home/ubuntu/robot_ws/install/multi_robot_arm/share/multi_robot_arm/urdf/ur/ur5/ur_macro.xacro
[23.979s] -- Symlinking: /home/ubuntu/robot_ws/install/multi_robot_arm/share/multi_robot_arm/urdf/ur/ur5/ur_ros2_control.xacro
[23.983s] -- Symlinking: /home/ubuntu/robot_ws/install/multi_robot_arm/share/multi_robot_arm/urdf/ur/ur5/ur_urdf.xacro
[23.988s] -- Symlinking: /home/ubuntu/robot_ws/install/multi_robot_arm/share/multi_robot_arm/worlds/empty.world
[23.992s] -- Symlinking: /home/ubuntu/robot_ws/install/multi_robot_arm/share/multi_robot_arm/environment/multi_robot_arm.dsv
[23.997s] -- Symlinking: /home/ubuntu/robot_ws/install/multi_robot_arm/share/ament_index/resource_index/package_run_dependencies/multi_robot_arm
[24.001s] -- Symlinking: /home/ubuntu/robot_ws/install/multi_robot_arm/share/ament_index/resource_index/parent_prefix_path/multi_robot_arm
[24.005s] -- Symlinking: /home/ubuntu/robot_ws/install/multi_robot_arm/share/multi_robot_arm/environment/ament_prefix_path.sh
[24.010s] -- Symlinking: /home/ubuntu/robot_ws/install/multi_robot_arm/share/multi_robot_arm/environment/ament_prefix_path.dsv
[24.015s] -- Symlinking: /home/ubuntu/robot_ws/install/multi_robot_arm/share/multi_robot_arm/environment/path.sh
[24.019s] -- Symlinking: /home/ubuntu/robot_ws/install/multi_robot_arm/share/multi_robot_arm/environment/path.dsv
[24.024s] -- Symlinking: /home/ubuntu/robot_ws/install/multi_robot_arm/share/multi_robot_arm/local_setup.bash
[24.028s] -- Symlinking: /home/ubuntu/robot_ws/install/multi_robot_arm/share/multi_robot_arm/local_setup.sh
[24.033s] -- Symlinking: /home/ubuntu/robot_ws/install/multi_robot_arm/share/multi_robot_arm/local_setup.zsh
[24.037s] -- Symlinking: /home/ubuntu/robot_ws/install/multi_robot_arm/share/multi_robot_arm/local_setup.dsv
[24.041s] -- Symlinking: /home/ubuntu/robot_ws/install/multi_robot_arm/share/multi_robot_arm/package.dsv
[24.046s] -- Symlinking: /home/ubuntu/robot_ws/install/multi_robot_arm/share/ament_index/resource_index/packages/multi_robot_arm
[24.051s] -- Symlinking: /home/ubuntu/robot_ws/install/multi_robot_arm/share/multi_robot_arm/cmake/multi_robot_armConfig.cmake
[24.055s] -- Symlinking: /home/ubuntu/robot_ws/install/multi_robot_arm/share/multi_robot_arm/cmake/multi_robot_armConfig-version.cmake
[24.060s] -- Symlinking: /home/ubuntu/robot_ws/install/multi_robot_arm/share/multi_robot_arm/package.xml
[24.066s] Invoked command in '/home/ubuntu/robot_ws/build/multi_robot_arm' returned '0': CMAKE_PREFIX_PATH=${CMAKE_PREFIX_PATH}:/home/ubuntu/ws_moveit/install/moveit_configs_utils:/home/ubuntu/turtlebot3_ws/install/turtlebot3_teleop:/opt/ros/humble /usr/bin/cmake --install /home/ubuntu/robot_ws/build/multi_robot_arm
