[0.045s] Invoking command in '/home/ubuntu/robot_ws/build/pymoveit2': CMAKE_PREFIX_PATH=${CMAKE_PREFIX_PATH}:/home/ubuntu/ws_moveit/install/moveit_configs_utils:/home/ubuntu/turtlebot3_ws/install/turtlebot3_teleop:/opt/ros/humble /usr/bin/cmake /home/ubuntu/robot_ws/src/pymoveit2 -DAMENT_CMAKE_SYMLINK_INSTALL=1 -DCMAKE_INSTALL_PREFIX=/home/ubuntu/robot_ws/install/pymoveit2
[0.238s] -- The C compiler identification is GNU 11.4.0
[0.710s] -- The CXX compiler identification is GNU 11.4.0
[1.060s] -- Detecting C compiler ABI info
[1.166s] -- Detecting C compiler ABI info - done
[1.170s] -- Check for working C compiler: /usr/bin/cc - skipped
[1.170s] -- Detecting C compile features
[1.171s] -- Detecting C compile features - done
[1.172s] -- Detecting CXX compiler ABI info
[1.282s] -- Detecting CXX compiler ABI info - done
[1.286s] -- Check for working CXX compiler: /usr/bin/c++ - skipped
[1.286s] -- Detecting CXX compile features
[1.286s] -- Detecting CXX compile features - done
[1.289s] -- Found ament_cmake: 1.3.5 (/opt/ros/humble/share/ament_cmake/cmake)
[1.393s] -- Found Python3: /usr/bin/python3.10 (found version "3.10.12") found components: Interpreter 
[1.425s] -- Override CMake install command with custom implementation using symlinks instead of copying resources
[1.547s] -- Configuring done
[1.550s] -- Generating done
[1.550s] -- Build files have been written to: /home/ubuntu/robot_ws/build/pymoveit2
[1.553s] Invoked command in '/home/ubuntu/robot_ws/build/pymoveit2' returned '0': CMAKE_PREFIX_PATH=${CMAKE_PREFIX_PATH}:/home/ubuntu/ws_moveit/install/moveit_configs_utils:/home/ubuntu/turtlebot3_ws/install/turtlebot3_teleop:/opt/ros/humble /usr/bin/cmake /home/ubuntu/robot_ws/src/pymoveit2 -DAMENT_CMAKE_SYMLINK_INSTALL=1 -DCMAKE_INSTALL_PREFIX=/home/ubuntu/robot_ws/install/pymoveit2
[1.554s] Invoking command in '/home/ubuntu/robot_ws/build/pymoveit2': CMAKE_PREFIX_PATH=${CMAKE_PREFIX_PATH}:/home/ubuntu/ws_moveit/install/moveit_configs_utils:/home/ubuntu/turtlebot3_ws/install/turtlebot3_teleop:/opt/ros/humble /usr/bin/cmake --build /home/ubuntu/robot_ws/build/pymoveit2 -- -j20 -l20
[1.588s] Built target ament_cmake_python_symlink_pymoveit2
[1.727s] running egg_info
[1.727s] creating pymoveit2.egg-info
[1.727s] writing pymoveit2.egg-info/PKG-INFO
[1.727s] writing dependency_links to pymoveit2.egg-info/dependency_links.txt
[1.728s] writing top-level names to pymoveit2.egg-info/top_level.txt
[1.728s] writing manifest file 'pymoveit2.egg-info/SOURCES.txt'
[1.729s] reading manifest file 'pymoveit2.egg-info/SOURCES.txt'
[1.730s] writing manifest file 'pymoveit2.egg-info/SOURCES.txt'
[1.744s] Built target ament_cmake_python_build_pymoveit2_egg
[1.750s] Invoked command in '/home/ubuntu/robot_ws/build/pymoveit2' returned '0': CMAKE_PREFIX_PATH=${CMAKE_PREFIX_PATH}:/home/ubuntu/ws_moveit/install/moveit_configs_utils:/home/ubuntu/turtlebot3_ws/install/turtlebot3_teleop:/opt/ros/humble /usr/bin/cmake --build /home/ubuntu/robot_ws/build/pymoveit2 -- -j20 -l20
[1.770s] Invoking command in '/home/ubuntu/robot_ws/build/pymoveit2': CMAKE_PREFIX_PATH=${CMAKE_PREFIX_PATH}:/home/ubuntu/ws_moveit/install/moveit_configs_utils:/home/ubuntu/turtlebot3_ws/install/turtlebot3_teleop:/opt/ros/humble /usr/bin/cmake --install /home/ubuntu/robot_ws/build/pymoveit2
[1.774s] -- Install configuration: ""
[1.774s] -- Execute custom install script
[1.774s] -- Symlinking: /home/ubuntu/robot_ws/install/pymoveit2/share/pymoveit2/environment/pythonpath.sh
[1.779s] -- Symlinking: /home/ubuntu/robot_ws/install/pymoveit2/share/pymoveit2/environment/pythonpath.dsv
[1.784s] -- Symlinking: /home/ubuntu/robot_ws/install/pymoveit2/local/lib/python3.10/dist-packages/pymoveit2-2.1.0-py3.10.egg-info/PKG-INFO
[1.788s] -- Symlinking: /home/ubuntu/robot_ws/install/pymoveit2/local/lib/python3.10/dist-packages/pymoveit2-2.1.0-py3.10.egg-info/SOURCES.txt
[1.792s] -- Symlinking: /home/ubuntu/robot_ws/install/pymoveit2/local/lib/python3.10/dist-packages/pymoveit2-2.1.0-py3.10.egg-info/dependency_links.txt
[1.796s] -- Symlinking: /home/ubuntu/robot_ws/install/pymoveit2/local/lib/python3.10/dist-packages/pymoveit2-2.1.0-py3.10.egg-info/top_level.txt
[1.803s] -- Symlinking: /home/ubuntu/robot_ws/install/pymoveit2/local/lib/python3.10/dist-packages/pymoveit2/__init__.py
[1.807s] -- Symlinking: /home/ubuntu/robot_ws/install/pymoveit2/local/lib/python3.10/dist-packages/pymoveit2/gripper_command.py
[1.811s] -- Symlinking: /home/ubuntu/robot_ws/install/pymoveit2/local/lib/python3.10/dist-packages/pymoveit2/moveit2.py
[1.816s] -- Symlinking: /home/ubuntu/robot_ws/install/pymoveit2/local/lib/python3.10/dist-packages/pymoveit2/moveit2_gripper.py
[1.821s] -- Symlinking: /home/ubuntu/robot_ws/install/pymoveit2/local/lib/python3.10/dist-packages/pymoveit2/moveit2_servo.py
[1.826s] -- Symlinking: /home/ubuntu/robot_ws/install/pymoveit2/local/lib/python3.10/dist-packages/pymoveit2/robots/__init__.py
[1.830s] -- Symlinking: /home/ubuntu/robot_ws/install/pymoveit2/local/lib/python3.10/dist-packages/pymoveit2/robots/panda.py
[1.834s] -- Symlinking: /home/ubuntu/robot_ws/install/pymoveit2/local/lib/python3.10/dist-packages/pymoveit2/robots/ur5.py
[1.840s] -- Symlinking: /home/ubuntu/robot_ws/install/pymoveit2/lib/pymoveit2/ex_collision_object.py
[1.845s] -- Symlinking: /home/ubuntu/robot_ws/install/pymoveit2/lib/pymoveit2/ex_gripper_command.py
[1.850s] -- Symlinking: /home/ubuntu/robot_ws/install/pymoveit2/lib/pymoveit2/ex_gripper.py
[1.855s] -- Symlinking: /home/ubuntu/robot_ws/install/pymoveit2/lib/pymoveit2/ex_joint_goal.py
[1.860s] -- Symlinking: /home/ubuntu/robot_ws/install/pymoveit2/lib/pymoveit2/ex_pose_goal.py
[1.865s] -- Symlinking: /home/ubuntu/robot_ws/install/pymoveit2/lib/pymoveit2/ex_servo.py
[1.870s] -- Symlinking: /home/ubuntu/robot_ws/install/pymoveit2/share/ament_index/resource_index/package_run_dependencies/pymoveit2
[1.875s] -- Symlinking: /home/ubuntu/robot_ws/install/pymoveit2/share/ament_index/resource_index/parent_prefix_path/pymoveit2
[1.881s] -- Symlinking: /home/ubuntu/robot_ws/install/pymoveit2/share/pymoveit2/environment/ament_prefix_path.sh
[1.886s] -- Symlinking: /home/ubuntu/robot_ws/install/pymoveit2/share/pymoveit2/environment/ament_prefix_path.dsv
[1.891s] -- Symlinking: /home/ubuntu/robot_ws/install/pymoveit2/share/pymoveit2/environment/path.sh
[1.896s] -- Symlinking: /home/ubuntu/robot_ws/install/pymoveit2/share/pymoveit2/environment/path.dsv
[1.901s] -- Symlinking: /home/ubuntu/robot_ws/install/pymoveit2/share/pymoveit2/local_setup.bash
[1.906s] -- Symlinking: /home/ubuntu/robot_ws/install/pymoveit2/share/pymoveit2/local_setup.sh
[1.911s] -- Symlinking: /home/ubuntu/robot_ws/install/pymoveit2/share/pymoveit2/local_setup.zsh
[1.915s] -- Symlinking: /home/ubuntu/robot_ws/install/pymoveit2/share/pymoveit2/local_setup.dsv
[1.920s] -- Symlinking: /home/ubuntu/robot_ws/install/pymoveit2/share/pymoveit2/package.dsv
[1.925s] -- Symlinking: /home/ubuntu/robot_ws/install/pymoveit2/share/ament_index/resource_index/packages/pymoveit2
[1.929s] -- Symlinking: /home/ubuntu/robot_ws/install/pymoveit2/share/pymoveit2/cmake/pymoveit2Config.cmake
[1.933s] -- Symlinking: /home/ubuntu/robot_ws/install/pymoveit2/share/pymoveit2/cmake/pymoveit2Config-version.cmake
[1.938s] -- Symlinking: /home/ubuntu/robot_ws/install/pymoveit2/share/pymoveit2/package.xml
[1.970s] Listing '/home/ubuntu/robot_ws/install/pymoveit2/local/lib/python3.10/dist-packages/pymoveit2'...
[1.970s] Compiling '/home/ubuntu/robot_ws/install/pymoveit2/local/lib/python3.10/dist-packages/pymoveit2/__init__.py'...
[1.970s] Compiling '/home/ubuntu/robot_ws/install/pymoveit2/local/lib/python3.10/dist-packages/pymoveit2/gripper_command.py'...
[1.970s] Compiling '/home/ubuntu/robot_ws/install/pymoveit2/local/lib/python3.10/dist-packages/pymoveit2/moveit2.py'...
[1.970s] Compiling '/home/ubuntu/robot_ws/install/pymoveit2/local/lib/python3.10/dist-packages/pymoveit2/moveit2_gripper.py'...
[1.970s] Compiling '/home/ubuntu/robot_ws/install/pymoveit2/local/lib/python3.10/dist-packages/pymoveit2/moveit2_servo.py'...
[1.970s] Listing '/home/ubuntu/robot_ws/install/pymoveit2/local/lib/python3.10/dist-packages/pymoveit2/robots'...
[1.970s] Compiling '/home/ubuntu/robot_ws/install/pymoveit2/local/lib/python3.10/dist-packages/pymoveit2/robots/__init__.py'...
[1.970s] Compiling '/home/ubuntu/robot_ws/install/pymoveit2/local/lib/python3.10/dist-packages/pymoveit2/robots/panda.py'...
[1.970s] Compiling '/home/ubuntu/robot_ws/install/pymoveit2/local/lib/python3.10/dist-packages/pymoveit2/robots/ur5.py'...
[1.974s] Invoked command in '/home/ubuntu/robot_ws/build/pymoveit2' returned '0': CMAKE_PREFIX_PATH=${CMAKE_PREFIX_PATH}:/home/ubuntu/ws_moveit/install/moveit_configs_utils:/home/ubuntu/turtlebot3_ws/install/turtlebot3_teleop:/opt/ros/humble /usr/bin/cmake --install /home/ubuntu/robot_ws/build/pymoveit2
