[0.110s] Invoking command in '/home/ubuntu/robot_ws/src/build/pymoveit2': CMAKE_PREFIX_PATH=${CMAKE_PREFIX_PATH}:/home/ubuntu/install/turtlebot3_teleop:/home/ubuntu/install/turtlebot3_example:/home/ubuntu/install/the_simplest_python_package:/home/ubuntu/install/python_package_with_a_node:/home/ubuntu/install/python_package_that_uses_the_library:/home/ubuntu/install/python_package_with_a_library:/home/ubuntu/ws_moveit/install/moveit_configs_utils:/home/ubuntu/turtlebot3_ws/install/turtlebot3_teleop:/opt/ros/humble /usr/bin/cmake --build /home/ubuntu/robot_ws/src/build/pymoveit2 -- -j20 -l20
[0.215s] Built target ament_cmake_python_symlink_pymoveit2
[0.841s] running egg_info
[0.844s] writing pymoveit2.egg-info/PKG-INFO
[0.846s] writing dependency_links to pymoveit2.egg-info/dependency_links.txt
[0.847s] writing top-level names to pymoveit2.egg-info/top_level.txt
[0.857s] reading manifest file 'pymoveit2.egg-info/SOURCES.txt'
[0.858s] writing manifest file 'pymoveit2.egg-info/SOURCES.txt'
[1.032s] Built target ament_cmake_python_build_pymoveit2_egg
[1.101s] Invoked command in '/home/ubuntu/robot_ws/src/build/pymoveit2' returned '0': CMAKE_PREFIX_PATH=${CMAKE_PREFIX_PATH}:/home/ubuntu/install/turtlebot3_teleop:/home/ubuntu/install/turtlebot3_example:/home/ubuntu/install/the_simplest_python_package:/home/ubuntu/install/python_package_with_a_node:/home/ubuntu/install/python_package_that_uses_the_library:/home/ubuntu/install/python_package_with_a_library:/home/ubuntu/ws_moveit/install/moveit_configs_utils:/home/ubuntu/turtlebot3_ws/install/turtlebot3_teleop:/opt/ros/humble /usr/bin/cmake --build /home/ubuntu/robot_ws/src/build/pymoveit2 -- -j20 -l20
[1.488s] Invoking command in '/home/ubuntu/robot_ws/src/build/pymoveit2': CMAKE_PREFIX_PATH=${CMAKE_PREFIX_PATH}:/home/ubuntu/install/turtlebot3_teleop:/home/ubuntu/install/turtlebot3_example:/home/ubuntu/install/the_simplest_python_package:/home/ubuntu/install/python_package_with_a_node:/home/ubuntu/install/python_package_that_uses_the_library:/home/ubuntu/install/python_package_with_a_library:/home/ubuntu/ws_moveit/install/moveit_configs_utils:/home/ubuntu/turtlebot3_ws/install/turtlebot3_teleop:/opt/ros/humble /usr/bin/cmake --install /home/ubuntu/robot_ws/src/build/pymoveit2
[1.537s] -- Install configuration: "Release"
[1.539s] -- Execute custom install script
[1.540s] -- Up-to-date symlink: /home/ubuntu/robot_ws/src/install/share/pymoveit2/environment/pythonpath.sh
[1.541s] -- Up-to-date symlink: /home/ubuntu/robot_ws/src/install/share/pymoveit2/environment/pythonpath.dsv
[1.544s] -- Up-to-date symlink: /home/ubuntu/robot_ws/src/install/local/lib/python3.10/dist-packages/pymoveit2-2.1.0-py3.10.egg-info/PKG-INFO
[1.544s] -- Up-to-date symlink: /home/ubuntu/robot_ws/src/install/local/lib/python3.10/dist-packages/pymoveit2-2.1.0-py3.10.egg-info/SOURCES.txt
[1.545s] -- Up-to-date symlink: /home/ubuntu/robot_ws/src/install/local/lib/python3.10/dist-packages/pymoveit2-2.1.0-py3.10.egg-info/dependency_links.txt
[1.545s] -- Up-to-date symlink: /home/ubuntu/robot_ws/src/install/local/lib/python3.10/dist-packages/pymoveit2-2.1.0-py3.10.egg-info/top_level.txt
[1.546s] -- Up-to-date symlink: /home/ubuntu/robot_ws/src/install/local/lib/python3.10/dist-packages/pymoveit2/__init__.py
[1.546s] -- Up-to-date symlink: /home/ubuntu/robot_ws/src/install/local/lib/python3.10/dist-packages/pymoveit2/gripper_command.py
[1.548s] -- Up-to-date symlink: /home/ubuntu/robot_ws/src/install/local/lib/python3.10/dist-packages/pymoveit2/moveit2.py
[1.548s] -- Up-to-date symlink: /home/ubuntu/robot_ws/src/install/local/lib/python3.10/dist-packages/pymoveit2/moveit2_gripper.py
[1.548s] -- Up-to-date symlink: /home/ubuntu/robot_ws/src/install/local/lib/python3.10/dist-packages/pymoveit2/moveit2_servo.py
[1.548s] -- Up-to-date symlink: /home/ubuntu/robot_ws/src/install/local/lib/python3.10/dist-packages/pymoveit2/robots/__init__.py
[1.549s] -- Up-to-date symlink: /home/ubuntu/robot_ws/src/install/local/lib/python3.10/dist-packages/pymoveit2/robots/panda.py
[1.549s] -- Up-to-date symlink: /home/ubuntu/robot_ws/src/install/local/lib/python3.10/dist-packages/pymoveit2/robots/ur5.py
[1.549s] -- Up-to-date symlink: /home/ubuntu/robot_ws/src/install/lib/pymoveit2/ex_collision_object.py
[1.550s] -- Up-to-date symlink: /home/ubuntu/robot_ws/src/install/lib/pymoveit2/ex_gripper_command.py
[1.550s] -- Up-to-date symlink: /home/ubuntu/robot_ws/src/install/lib/pymoveit2/ex_gripper.py
[1.550s] -- Up-to-date symlink: /home/ubuntu/robot_ws/src/install/lib/pymoveit2/ex_joint_goal.py
[1.550s] -- Up-to-date symlink: /home/ubuntu/robot_ws/src/install/lib/pymoveit2/ex_pose_goal.py
[1.551s] -- Up-to-date symlink: /home/ubuntu/robot_ws/src/install/lib/pymoveit2/ex_servo.py
[1.551s] -- Up-to-date symlink: /home/ubuntu/robot_ws/src/install/share/ament_index/resource_index/package_run_dependencies/pymoveit2
[1.551s] -- Up-to-date symlink: /home/ubuntu/robot_ws/src/install/share/ament_index/resource_index/parent_prefix_path/pymoveit2
[1.552s] -- Up-to-date symlink: /home/ubuntu/robot_ws/src/install/share/pymoveit2/environment/ament_prefix_path.sh
[1.552s] -- Up-to-date symlink: /home/ubuntu/robot_ws/src/install/share/pymoveit2/environment/ament_prefix_path.dsv
[1.552s] -- Up-to-date symlink: /home/ubuntu/robot_ws/src/install/share/pymoveit2/environment/path.sh
[1.552s] -- Up-to-date symlink: /home/ubuntu/robot_ws/src/install/share/pymoveit2/environment/path.dsv
[1.553s] -- Up-to-date symlink: /home/ubuntu/robot_ws/src/install/share/pymoveit2/local_setup.bash
[1.553s] -- Up-to-date symlink: /home/ubuntu/robot_ws/src/install/share/pymoveit2/local_setup.sh
[1.553s] -- Up-to-date symlink: /home/ubuntu/robot_ws/src/install/share/pymoveit2/local_setup.zsh
[1.553s] -- Up-to-date symlink: /home/ubuntu/robot_ws/src/install/share/pymoveit2/local_setup.dsv
[1.554s] -- Symlinking: /home/ubuntu/robot_ws/src/install/share/pymoveit2/package.dsv
[1.600s] -- Up-to-date symlink: /home/ubuntu/robot_ws/src/install/share/ament_index/resource_index/packages/pymoveit2
[1.600s] -- Up-to-date symlink: /home/ubuntu/robot_ws/src/install/share/pymoveit2/cmake/pymoveit2Config.cmake
[1.600s] -- Up-to-date symlink: /home/ubuntu/robot_ws/src/install/share/pymoveit2/cmake/pymoveit2Config-version.cmake
[1.600s] -- Up-to-date symlink: /home/ubuntu/robot_ws/src/install/share/pymoveit2/package.xml
[1.744s] Listing '/home/ubuntu/robot_ws/src/install/local/lib/python3.10/dist-packages/pymoveit2'...
[1.744s] Listing '/home/ubuntu/robot_ws/src/install/local/lib/python3.10/dist-packages/pymoveit2/robots'...
[1.770s] Invoked command in '/home/ubuntu/robot_ws/src/build/pymoveit2' returned '0': CMAKE_PREFIX_PATH=${CMAKE_PREFIX_PATH}:/home/ubuntu/install/turtlebot3_teleop:/home/ubuntu/install/turtlebot3_example:/home/ubuntu/install/the_simplest_python_package:/home/ubuntu/install/python_package_with_a_node:/home/ubuntu/install/python_package_that_uses_the_library:/home/ubuntu/install/python_package_with_a_library:/home/ubuntu/ws_moveit/install/moveit_configs_utils:/home/ubuntu/turtlebot3_ws/install/turtlebot3_teleop:/opt/ros/humble /usr/bin/cmake --install /home/ubuntu/robot_ws/src/build/pymoveit2
