[0.741s] Invoking command in '/home/ubuntu/robot_ws/src/build/ros_ign_gazebo': CMAKE_PREFIX_PATH=${CMAKE_PREFIX_PATH}:/home/ubuntu/install/turtlebot3_teleop:/home/ubuntu/install/turtlebot3_example:/home/ubuntu/install/the_simplest_python_package:/home/ubuntu/install/python_package_with_a_node:/home/ubuntu/install/python_package_that_uses_the_library:/home/ubuntu/install/python_package_with_a_library:/home/ubuntu/ws_moveit/install/moveit_configs_utils:/home/ubuntu/turtlebot3_ws/install/turtlebot3_teleop:/opt/ros/humble /usr/bin/cmake /home/ubuntu/robot_ws/src/ros_ign/ros_ign_gazebo -DCMAKE_BUILD_TYPE=Release -DAMENT_CMAKE_SYMLINK_INSTALL=1 -DCMAKE_INSTALL_PREFIX=/home/ubuntu/robot_ws/src/install
[0.870s] -- The C compiler identification is GNU 11.4.0
[1.413s] -- The CXX compiler identification is GNU 11.4.0
[1.700s] -- Detecting C compiler ABI info
[1.881s] -- Detecting C compiler ABI info - done
[1.887s] -- Check for working C compiler: /usr/bin/cc - skipped
[1.887s] -- Detecting C compile features
[1.888s] -- Detecting C compile features - done
[1.890s] -- Detecting CXX compiler ABI info
[2.074s] -- Detecting CXX compiler ABI info - done
[2.082s] -- Check for working CXX compiler: /usr/bin/c++ - skipped
[2.082s] -- Detecting CXX compile features
[2.083s] -- Detecting CXX compile features - done
[2.094s] -- Found ament_cmake: 1.3.5 (/opt/ros/humble/share/ament_cmake/cmake)
[2.296s] -- Found Python3: /usr/bin/python3.10 (found version "3.10.12") found components: Interpreter 
[2.361s] -- Override CMake install command with custom implementation using symlinks instead of copying resources
[2.438s] -- Looking for ignition-math6 -- found version 6.15.0
[2.448s] -- Searching for dependencies of ignition-math6
[2.455s] -- Found rclcpp: 16.0.6 (/opt/ros/humble/share/rclcpp/cmake)
[2.654s] -- Found rosidl_generator_c: 3.1.5 (/opt/ros/humble/share/rosidl_generator_c/cmake)
[2.666s] -- Found rosidl_adapter: 3.1.5 (/opt/ros/humble/share/rosidl_adapter/cmake)
[2.681s] -- Found rosidl_generator_cpp: 3.1.5 (/opt/ros/humble/share/rosidl_generator_cpp/cmake)
[2.706s] -- Using all available rosidl_typesupport_c: rosidl_typesupport_fastrtps_c;rosidl_typesupport_introspection_c
[2.733s] -- Using all available rosidl_typesupport_cpp: rosidl_typesupport_fastrtps_cpp;rosidl_typesupport_introspection_cpp
[2.827s] -- Found rmw_implementation_cmake: 6.1.1 (/opt/ros/humble/share/rmw_implementation_cmake/cmake)
[2.836s] -- Found rmw_cyclonedds_cpp: 1.3.4 (/opt/ros/humble/share/rmw_cyclonedds_cpp/cmake)
[2.893s] -- Using RMW implementation 'rmw_cyclonedds_cpp' as default
[2.917s] -- Looking for pthread.h
[3.071s] -- Looking for pthread.h - found
[3.072s] -- Performing Test CMAKE_HAVE_LIBC_PTHREAD
[3.225s] -- Performing Test CMAKE_HAVE_LIBC_PTHREAD - Success
[3.226s] -- Found Threads: TRUE  
[4.347s] [31mCMake Error at CMakeLists.txt:32 (find_package):
[4.347s]   By not providing "Findignition-transport10.cmake" in CMAKE_MODULE_PATH this
[4.347s]   project has asked CMake to find a package configuration file provided by
[4.348s]   "ignition-transport10", but CMake did not find one.
[4.348s] 
[4.348s]   Could not find a package configuration file provided by
[4.348s]   "ignition-transport10" with any of the following names:
[4.348s] 
[4.348s]     ignition-transport10Config.cmake
[4.348s]     ignition-transport10-config.cmake
[4.348s] 
[4.348s]   Add the installation prefix of "ignition-transport10" to CMAKE_PREFIX_PATH
[4.348s]   or set "ignition-transport10_DIR" to a directory containing one of the
[4.348s]   above files.  If "ignition-transport10" provides a separate development
[4.348s]   package or SDK, be sure it has been installed.
[4.348s] 
[4.348s] [0m
[4.348s] -- Configuring incomplete, errors occurred!
[4.348s] See also "/home/ubuntu/robot_ws/src/build/ros_ign_gazebo/CMakeFiles/CMakeOutput.log".
[4.356s] Invoked command in '/home/ubuntu/robot_ws/src/build/ros_ign_gazebo' returned '1': CMAKE_PREFIX_PATH=${CMAKE_PREFIX_PATH}:/home/ubuntu/install/turtlebot3_teleop:/home/ubuntu/install/turtlebot3_example:/home/ubuntu/install/the_simplest_python_package:/home/ubuntu/install/python_package_with_a_node:/home/ubuntu/install/python_package_that_uses_the_library:/home/ubuntu/install/python_package_with_a_library:/home/ubuntu/ws_moveit/install/moveit_configs_utils:/home/ubuntu/turtlebot3_ws/install/turtlebot3_teleop:/opt/ros/humble /usr/bin/cmake /home/ubuntu/robot_ws/src/ros_ign/ros_ign_gazebo -DCMAKE_BUILD_TYPE=Release -DAMENT_CMAKE_SYMLINK_INSTALL=1 -DCMAKE_INSTALL_PREFIX=/home/ubuntu/robot_ws/src/install
