[0.749s] Invoking command in '/home/ubuntu/robot_ws/src/build/ros_ign_gazebo': CMAKE_PREFIX_PATH=${CMAKE_PREFIX_PATH}:/home/ubuntu/install/turtlebot3_teleop:/home/ubuntu/install/turtlebot3_example:/home/ubuntu/install/the_simplest_python_package:/home/ubuntu/install/python_package_with_a_node:/home/ubuntu/install/python_package_that_uses_the_library:/home/ubuntu/install/python_package_with_a_library:/home/ubuntu/ws_moveit/install/moveit_configs_utils:/home/ubuntu/turtlebot3_ws/install/turtlebot3_teleop:/opt/ros/humble /usr/bin/cmake /home/ubuntu/robot_ws/src/ros_ign/ros_ign_gazebo -DCMAKE_BUILD_TYPE=Release -DAMENT_CMAKE_SYMLINK_INSTALL=1 -DCMAKE_INSTALL_PREFIX=/home/ubuntu/robot_ws/src/install
[0.788s] -- Found ament_cmake: 1.3.5 (/opt/ros/humble/share/ament_cmake/cmake)
[1.006s] -- Override CMake install command with custom implementation using symlinks instead of copying resources
[1.009s] -- Looking for ignition-math6 -- found version 6.15.0
[1.014s] -- Searching for dependencies of ignition-math6
[1.015s] -- Found rclcpp: 16.0.6 (/opt/ros/humble/share/rclcpp/cmake)
[1.242s] -- Found rosidl_generator_c: 3.1.5 (/opt/ros/humble/share/rosidl_generator_c/cmake)
[1.244s] -- Found rosidl_adapter: 3.1.5 (/opt/ros/humble/share/rosidl_adapter/cmake)
[1.272s] -- Found rosidl_generator_cpp: 3.1.5 (/opt/ros/humble/share/rosidl_generator_cpp/cmake)
[1.321s] -- Using all available rosidl_typesupport_c: rosidl_typesupport_fastrtps_c;rosidl_typesupport_introspection_c
[1.385s] -- Using all available rosidl_typesupport_cpp: rosidl_typesupport_fastrtps_cpp;rosidl_typesupport_introspection_cpp
[1.581s] -- Found rmw_implementation_cmake: 6.1.1 (/opt/ros/humble/share/rmw_implementation_cmake/cmake)
[1.586s] -- Found rmw_cyclonedds_cpp: 1.3.4 (/opt/ros/humble/share/rmw_cyclonedds_cpp/cmake)
[1.690s] -- Using RMW implementation 'rmw_cyclonedds_cpp' as default
[4.611s] [31mCMake Error at CMakeLists.txt:32 (find_package):
[4.612s]   By not providing "Findignition-transport10.cmake" in CMAKE_MODULE_PATH this
[4.612s]   project has asked CMake to find a package configuration file provided by
[4.612s]   "ignition-transport10", but CMake did not find one.
[4.612s] 
[4.612s]   Could not find a package configuration file provided by
[4.612s]   "ignition-transport10" with any of the following names:
[4.612s] 
[4.612s]     ignition-transport10Config.cmake
[4.612s]     ignition-transport10-config.cmake
[4.612s] 
[4.612s]   Add the installation prefix of "ignition-transport10" to CMAKE_PREFIX_PATH
[4.612s] -- Configuring incomplete, errors occurred!
[4.612s] See also "/home/ubuntu/robot_ws/src/build/ros_ign_gazebo/CMakeFiles/CMakeOutput.log".
[4.612s]   or set "ignition-transport10_DIR" to a directory containing one of the
[4.612s]   above files.  If "ignition-transport10" provides a separate development
[4.612s]   package or SDK, be sure it has been installed.
[4.612s] 
[4.612s] [0m
[4.646s] Invoked command in '/home/ubuntu/robot_ws/src/build/ros_ign_gazebo' returned '1': CMAKE_PREFIX_PATH=${CMAKE_PREFIX_PATH}:/home/ubuntu/install/turtlebot3_teleop:/home/ubuntu/install/turtlebot3_example:/home/ubuntu/install/the_simplest_python_package:/home/ubuntu/install/python_package_with_a_node:/home/ubuntu/install/python_package_that_uses_the_library:/home/ubuntu/install/python_package_with_a_library:/home/ubuntu/ws_moveit/install/moveit_configs_utils:/home/ubuntu/turtlebot3_ws/install/turtlebot3_teleop:/opt/ros/humble /usr/bin/cmake /home/ubuntu/robot_ws/src/ros_ign/ros_ign_gazebo -DCMAKE_BUILD_TYPE=Release -DAMENT_CMAKE_SYMLINK_INSTALL=1 -DCMAKE_INSTALL_PREFIX=/home/ubuntu/robot_ws/src/install
