[0.247s] Invoking command in '/home/ubuntu/robot_ws/src/build/force_torque_sensor_broadcaster': CMAKE_PREFIX_PATH=${CMAKE_PREFIX_PATH}:/home/ubuntu/install/turtlebot3_teleop:/home/ubuntu/install/turtlebot3_example:/home/ubuntu/install/the_simplest_python_package:/home/ubuntu/install/python_package_with_a_node:/home/ubuntu/install/python_package_that_uses_the_library:/home/ubuntu/install/python_package_with_a_library:/home/ubuntu/ws_moveit/install/moveit_configs_utils:/home/ubuntu/turtlebot3_ws/install/turtlebot3_teleop:/opt/ros/humble /usr/bin/cmake --build /home/ubuntu/robot_ws/src/build/force_torque_sensor_broadcaster -- -j20 -l20
[0.339s] [  9%] [32mBuilding CXX object gmock/CMakeFiles/gmock.dir/src/gmock-all.cc.o[0m
[0.339s] [ 18%] [32mBuilding CXX object gmock/CMakeFiles/gmock.dir/opt/ros/humble/src/gtest_vendor/src/gtest-all.cc.o[0m
[0.343s] [ 27%] [32mBuilding CXX object CMakeFiles/force_torque_sensor_broadcaster.dir/src/force_torque_sensor_broadcaster.cpp.o[0m
[0.346s] [ 36%] [32mBuilding CXX object gmock/CMakeFiles/gmock_main.dir/src/gmock_main.cc.o[0m
[3.093s] [ 45%] [32m[1mLinking CXX static library libgmock_main.a[0m
[3.562s] [ 45%] Built target gmock_main
[7.256s] [01m[K/home/ubuntu/robot_ws/src/ros2_controllers/force_torque_sensor_broadcaster/src/force_torque_sensor_broadcaster.cpp:[m[K In member function ‘[01m[Kvirtual force_torque_sensor_broadcaster::CallbackReturn force_torque_sensor_broadcaster::ForceTorqueSensorBroadcaster::on_configure(const rclcpp_lifecycle::State&)[m[K’:
[7.257s] [01m[K/home/ubuntu/robot_ws/src/ros2_controllers/force_torque_sensor_broadcaster/src/force_torque_sensor_broadcaster.cpp:56:18:[m[K [01;31m[Kerror: [m[K‘[01m[Kstd::shared_ptr<rclcpp_lifecycle::LifecycleNode> controller_interface::ControllerInterfaceBase::node_[m[K’ is private within this context
[7.258s]    56 |   sensor_name_ = [01;31m[Knode_[m[K->get_parameter("sensor_name").as_string();
[7.258s]       |                  [01;31m[K^~~~~[m[K
[7.258s] In file included from [01m[K/opt/ros/humble/include/controller_interface/controller_interface.hpp:22[m[K,
[7.258s]                  from [01m[K/home/ubuntu/robot_ws/src/ros2_controllers/force_torque_sensor_broadcaster/include/force_torque_sensor_broadcaster/force_torque_sensor_broadcaster.hpp:26[m[K,
[7.258s]                  from [01m[K/home/ubuntu/robot_ws/src/ros2_controllers/force_torque_sensor_broadcaster/src/force_torque_sensor_broadcaster.cpp:19[m[K:
[7.258s] [01m[K/opt/ros/humble/include/controller_interface/controller_interface_base.hpp:227:52:[m[K [01;36m[Knote: [m[Kdeclared private here
[7.258s]   227 |   std::shared_ptr<rclcpp_lifecycle::LifecycleNode> [01;36m[Knode_[m[K;
[7.259s]       |                                                    [01;36m[K^~~~~[m[K
[7.259s] [01m[K/home/ubuntu/robot_ws/src/ros2_controllers/force_torque_sensor_broadcaster/src/force_torque_sensor_broadcaster.cpp:57:25:[m[K [01;31m[Kerror: [m[K‘[01m[Kstd::shared_ptr<rclcpp_lifecycle::LifecycleNode> controller_interface::ControllerInterfaceBase::node_[m[K’ is private within this context
[7.260s]    57 |   interface_names_[0] = [01;31m[Knode_[m[K->get_parameter("interface_names.force.x").as_string();
[7.260s]       |                         [01;31m[K^~~~~[m[K
[7.261s] In file included from [01m[K/opt/ros/humble/include/controller_interface/controller_interface.hpp:22[m[K,
[7.261s]                  from [01m[K/home/ubuntu/robot_ws/src/ros2_controllers/force_torque_sensor_broadcaster/include/force_torque_sensor_broadcaster/force_torque_sensor_broadcaster.hpp:26[m[K,
[7.262s]                  from [01m[K/home/ubuntu/robot_ws/src/ros2_controllers/force_torque_sensor_broadcaster/src/force_torque_sensor_broadcaster.cpp:19[m[K:
[7.262s] [01m[K/opt/ros/humble/include/controller_interface/controller_interface_base.hpp:227:52:[m[K [01;36m[Knote: [m[Kdeclared private here
[7.262s]   227 |   std::shared_ptr<rclcpp_lifecycle::LifecycleNode> [01;36m[Knode_[m[K;
[7.262s]       |                                                    [01;36m[K^~~~~[m[K
[7.263s] [01m[K/home/ubuntu/robot_ws/src/ros2_controllers/force_torque_sensor_broadcaster/src/force_torque_sensor_broadcaster.cpp:58:25:[m[K [01;31m[Kerror: [m[K‘[01m[Kstd::shared_ptr<rclcpp_lifecycle::LifecycleNode> controller_interface::ControllerInterfaceBase::node_[m[K’ is private within this context
[7.263s]    58 |   interface_names_[1] = [01;31m[Knode_[m[K->get_parameter("interface_names.force.y").as_string();
[7.263s]       |                         [01;31m[K^~~~~[m[K
[7.263s] In file included from [01m[K/opt/ros/humble/include/controller_interface/controller_interface.hpp:22[m[K,
[7.263s]                  from [01m[K/home/ubuntu/robot_ws/src/ros2_controllers/force_torque_sensor_broadcaster/include/force_torque_sensor_broadcaster/force_torque_sensor_broadcaster.hpp:26[m[K,
[7.263s]                  from [01m[K/home/ubuntu/robot_ws/src/ros2_controllers/force_torque_sensor_broadcaster/src/force_torque_sensor_broadcaster.cpp:19[m[K:
[7.263s] [01m[K/opt/ros/humble/include/controller_interface/controller_interface_base.hpp:227:52:[m[K [01;36m[Knote: [m[Kdeclared private here
[7.263s]   227 |   std::shared_ptr<rclcpp_lifecycle::LifecycleNode> [01;36m[Knode_[m[K;
[7.263s]       |                                                    [01;36m[K^~~~~[m[K
[7.263s] [01m[K/home/ubuntu/robot_ws/src/ros2_controllers/force_torque_sensor_broadcaster/src/force_torque_sensor_broadcaster.cpp:59:25:[m[K [01;31m[Kerror: [m[K‘[01m[Kstd::shared_ptr<rclcpp_lifecycle::LifecycleNode> controller_interface::ControllerInterfaceBase::node_[m[K’ is private within this context
[7.264s]    59 |   interface_names_[2] = [01;31m[Knode_[m[K->get_parameter("interface_names.force.z").as_string();
[7.264s]       |                         [01;31m[K^~~~~[m[K
[7.264s] In file included from [01m[K/opt/ros/humble/include/controller_interface/controller_interface.hpp:22[m[K,
[7.264s]                  from [01m[K/home/ubuntu/robot_ws/src/ros2_controllers/force_torque_sensor_broadcaster/include/force_torque_sensor_broadcaster/force_torque_sensor_broadcaster.hpp:26[m[K,
[7.264s]                  from [01m[K/home/ubuntu/robot_ws/src/ros2_controllers/force_torque_sensor_broadcaster/src/force_torque_sensor_broadcaster.cpp:19[m[K:
[7.264s] [01m[K/opt/ros/humble/include/controller_interface/controller_interface_base.hpp:227:52:[m[K [01;36m[Knote: [m[Kdeclared private here
[7.264s]   227 |   std::shared_ptr<rclcpp_lifecycle::LifecycleNode> [01;36m[Knode_[m[K;
[7.264s]       |                                                    [01;36m[K^~~~~[m[K
[7.264s] [01m[K/home/ubuntu/robot_ws/src/ros2_controllers/force_torque_sensor_broadcaster/src/force_torque_sensor_broadcaster.cpp:60:25:[m[K [01;31m[Kerror: [m[K‘[01m[Kstd::shared_ptr<rclcpp_lifecycle::LifecycleNode> controller_interface::ControllerInterfaceBase::node_[m[K’ is private within this context
[7.265s]    60 |   interface_names_[3] = [01;31m[Knode_[m[K->get_parameter("interface_names.torque.x").as_string();
[7.265s]       |                         [01;31m[K^~~~~[m[K
[7.265s] In file included from [01m[K/opt/ros/humble/include/controller_interface/controller_interface.hpp:22[m[K,
[7.265s]                  from [01m[K/home/ubuntu/robot_ws/src/ros2_controllers/force_torque_sensor_broadcaster/include/force_torque_sensor_broadcaster/force_torque_sensor_broadcaster.hpp:26[m[K,
[7.265s]                  from [01m[K/home/ubuntu/robot_ws/src/ros2_controllers/force_torque_sensor_broadcaster/src/force_torque_sensor_broadcaster.cpp:19[m[K:
[7.265s] [01m[K/opt/ros/humble/include/controller_interface/controller_interface_base.hpp:227:52:[m[K [01;36m[Knote: [m[Kdeclared private here
[7.265s]   227 |   std::shared_ptr<rclcpp_lifecycle::LifecycleNode> [01;36m[Knode_[m[K;
[7.265s]       |                                                    [01;36m[K^~~~~[m[K
[7.265s] [01m[K/home/ubuntu/robot_ws/src/ros2_controllers/force_torque_sensor_broadcaster/src/force_torque_sensor_broadcaster.cpp:61:25:[m[K [01;31m[Kerror: [m[K‘[01m[Kstd::shared_ptr<rclcpp_lifecycle::LifecycleNode> controller_interface::ControllerInterfaceBase::node_[m[K’ is private within this context
[7.265s]    61 |   interface_names_[4] = [01;31m[Knode_[m[K->get_parameter("interface_names.torque.y").as_string();
[7.265s]       |                         [01;31m[K^~~~~[m[K
[7.265s] In file included from [01m[K/opt/ros/humble/include/controller_interface/controller_interface.hpp:22[m[K,
[7.265s]                  from [01m[K/home/ubuntu/robot_ws/src/ros2_controllers/force_torque_sensor_broadcaster/include/force_torque_sensor_broadcaster/force_torque_sensor_broadcaster.hpp:26[m[K,
[7.265s]                  from [01m[K/home/ubuntu/robot_ws/src/ros2_controllers/force_torque_sensor_broadcaster/src/force_torque_sensor_broadcaster.cpp:19[m[K:
[7.265s] [01m[K/opt/ros/humble/include/controller_interface/controller_interface_base.hpp:227:52:[m[K [01;36m[Knote: [m[Kdeclared private here
[7.266s]   227 |   std::shared_ptr<rclcpp_lifecycle::LifecycleNode> [01;36m[Knode_[m[K;
[7.266s]       |                                                    [01;36m[K^~~~~[m[K
[7.266s] [01m[K/home/ubuntu/robot_ws/src/ros2_controllers/force_torque_sensor_broadcaster/src/force_torque_sensor_broadcaster.cpp:62:25:[m[K [01;31m[Kerror: [m[K‘[01m[Kstd::shared_ptr<rclcpp_lifecycle::LifecycleNode> controller_interface::ControllerInterfaceBase::node_[m[K’ is private within this context
[7.266s]    62 |   interface_names_[5] = [01;31m[Knode_[m[K->get_parameter("interface_names.torque.z").as_string();
[7.266s]       |                         [01;31m[K^~~~~[m[K
[7.266s] In file included from [01m[K/opt/ros/humble/include/controller_interface/controller_interface.hpp:22[m[K,
[7.266s]                  from [01m[K/home/ubuntu/robot_ws/src/ros2_controllers/force_torque_sensor_broadcaster/include/force_torque_sensor_broadcaster/force_torque_sensor_broadcaster.hpp:26[m[K,
[7.266s]                  from [01m[K/home/ubuntu/robot_ws/src/ros2_controllers/force_torque_sensor_broadcaster/src/force_torque_sensor_broadcaster.cpp:19[m[K:
[7.266s] [01m[K/opt/ros/humble/include/controller_interface/controller_interface_base.hpp:227:52:[m[K [01;36m[Knote: [m[Kdeclared private here
[7.266s]   227 |   std::shared_ptr<rclcpp_lifecycle::LifecycleNode> [01;36m[Knode_[m[K;
[7.266s]       |                                                    [01;36m[K^~~~~[m[K
[7.266s] In file included from [01m[K/opt/ros/humble/include/rclcpp/rclcpp/client.hpp:40[m[K,
[7.266s]                  from [01m[K/opt/ros/humble/include/rclcpp/rclcpp/callback_group.hpp:24[m[K,
[7.266s]                  from [01m[K/opt/ros/humble/include/rclcpp/rclcpp/any_executable.hpp:20[m[K,
[7.266s]                  from [01m[K/opt/ros/humble/include/rclcpp/rclcpp/memory_strategy.hpp:25[m[K,
[7.267s]                  from [01m[K/opt/ros/humble/include/rclcpp/rclcpp/memory_strategies.hpp:18[m[K,
[7.267s]                  from [01m[K/opt/ros/humble/include/rclcpp/rclcpp/executor_options.hpp:20[m[K,
[7.267s]                  from [01m[K/opt/ros/humble/include/rclcpp/rclcpp/executor.hpp:37[m[K,
[7.267s]                  from [01m[K/opt/ros/humble/include/rclcpp/rclcpp/executors/multi_threaded_executor.hpp:25[m[K,
[7.267s]                  from [01m[K/opt/ros/humble/include/rclcpp/rclcpp/executors.hpp:21[m[K,
[7.267s]                  from [01m[K/opt/ros/humble/include/rclcpp/rclcpp/rclcpp.hpp:155[m[K,
[7.267s]                  from [01m[K/opt/ros/humble/include/controller_interface/controller_interface_base.hpp:28[m[K,
[7.267s]                  from [01m[K/opt/ros/humble/include/controller_interface/controller_interface.hpp:22[m[K,
[7.267s]                  from [01m[K/home/ubuntu/robot_ws/src/ros2_controllers/force_torque_sensor_broadcaster/include/force_torque_sensor_broadcaster/force_torque_sensor_broadcaster.hpp:26[m[K,
[7.267s]                  from [01m[K/home/ubuntu/robot_ws/src/ros2_controllers/force_torque_sensor_broadcaster/src/force_torque_sensor_broadcaster.cpp:19[m[K:
[7.267s] [01m[K/home/ubuntu/robot_ws/src/ros2_controllers/force_torque_sensor_broadcaster/src/force_torque_sensor_broadcaster.cpp:69:5:[m[K [01;31m[Kerror: [m[K‘[01m[Kstd::shared_ptr<rclcpp_lifecycle::LifecycleNode> controller_interface::ControllerInterfaceBase::node_[m[K’ is private within this context
[7.267s]    69 |     [01;31m[KRCLCPP_ERROR[m[K(
[7.267s]       |     [01;31m[K^~~~~~~~~~~~[m[K
[7.267s] In file included from [01m[K/opt/ros/humble/include/controller_interface/controller_interface.hpp:22[m[K,
[7.267s]                  from [01m[K/home/ubuntu/robot_ws/src/ros2_controllers/force_torque_sensor_broadcaster/include/force_torque_sensor_broadcaster/force_torque_sensor_broadcaster.hpp:26[m[K,
[7.267s]                  from [01m[K/home/ubuntu/robot_ws/src/ros2_controllers/force_torque_sensor_broadcaster/src/force_torque_sensor_broadcaster.cpp:19[m[K:
[7.268s] [01m[K/opt/ros/humble/include/controller_interface/controller_interface_base.hpp:227:52:[m[K [01;36m[Knote: [m[Kdeclared private here
[7.268s]   227 |   std::shared_ptr<rclcpp_lifecycle::LifecycleNode> [01;36m[Knode_[m[K;
[7.268s]       |                                                    [01;36m[K^~~~~[m[K
[7.268s] In file included from [01m[K/opt/ros/humble/include/rclcpp/rclcpp/logging.hpp:24[m[K,
[7.268s]                  from [01m[K/opt/ros/humble/include/rclcpp/rclcpp/client.hpp:40[m[K,
[7.268s]                  from [01m[K/opt/ros/humble/include/rclcpp/rclcpp/callback_group.hpp:24[m[K,
[7.268s]                  from [01m[K/opt/ros/humble/include/rclcpp/rclcpp/any_executable.hpp:20[m[K,
[7.268s]                  from [01m[K/opt/ros/humble/include/rclcpp/rclcpp/memory_strategy.hpp:25[m[K,
[7.268s]                  from [01m[K/opt/ros/humble/include/rclcpp/rclcpp/memory_strategies.hpp:18[m[K,
[7.268s]                  from [01m[K/opt/ros/humble/include/rclcpp/rclcpp/executor_options.hpp:20[m[K,
[7.268s]                  from [01m[K/opt/ros/humble/include/rclcpp/rclcpp/executor.hpp:37[m[K,
[7.268s]                  from [01m[K/opt/ros/humble/include/rclcpp/rclcpp/executors/multi_threaded_executor.hpp:25[m[K,
[7.268s]                  from [01m[K/opt/ros/humble/include/rclcpp/rclcpp/executors.hpp:21[m[K,
[7.268s]                  from [01m[K/opt/ros/humble/include/rclcpp/rclcpp/rclcpp.hpp:155[m[K,
[7.268s]                  from [01m[K/opt/ros/humble/include/controller_interface/controller_interface_base.hpp:28[m[K,
[7.269s]                  from [01m[K/opt/ros/humble/include/controller_interface/controller_interface.hpp:22[m[K,
[7.269s]                  from [01m[K/home/ubuntu/robot_ws/src/ros2_controllers/force_torque_sensor_broadcaster/include/force_torque_sensor_broadcaster/force_torque_sensor_broadcaster.hpp:26[m[K,
[7.269s]                  from [01m[K/home/ubuntu/robot_ws/src/ros2_controllers/force_torque_sensor_broadcaster/src/force_torque_sensor_broadcaster.cpp:19[m[K:
[7.269s] [01m[K/home/ubuntu/robot_ws/src/ros2_controllers/force_torque_sensor_broadcaster/src/force_torque_sensor_broadcaster.cpp:70:7:[m[K [01;31m[Kerror: [m[K‘[01m[Kstd::shared_ptr<rclcpp_lifecycle::LifecycleNode> controller_interface::ControllerInterfaceBase::node_[m[K’ is private within this context
[7.269s]    70 |       [01;31m[Knode_[m[K->get_logger(),
[7.269s]       |       [01;31m[K^~~~~[m[K
[7.269s] In file included from [01m[K/opt/ros/humble/include/controller_interface/controller_interface.hpp:22[m[K,
[7.269s]                  from [01m[K/home/ubuntu/robot_ws/src/ros2_controllers/force_torque_sensor_broadcaster/include/force_torque_sensor_broadcaster/force_torque_sensor_broadcaster.hpp:26[m[K,
[7.269s]                  from [01m[K/home/ubuntu/robot_ws/src/ros2_controllers/force_torque_sensor_broadcaster/src/force_torque_sensor_broadcaster.cpp:19[m[K:
[7.269s] [01m[K/opt/ros/humble/include/controller_interface/controller_interface_base.hpp:227:52:[m[K [01;36m[Knote: [m[Kdeclared private here
[7.269s]   227 |   std::shared_ptr<rclcpp_lifecycle::LifecycleNode> [01;36m[Knode_[m[K;
[7.269s]       |                                                    [01;36m[K^~~~~[m[K
[7.269s] In file included from [01m[K/opt/ros/humble/include/rclcpp/rclcpp/logging.hpp:24[m[K,
[7.269s]                  from [01m[K/opt/ros/humble/include/rclcpp/rclcpp/client.hpp:40[m[K,
[7.269s]                  from [01m[K/opt/ros/humble/include/rclcpp/rclcpp/callback_group.hpp:24[m[K,
[7.269s]                  from [01m[K/opt/ros/humble/include/rclcpp/rclcpp/any_executable.hpp:20[m[K,
[7.269s]                  from [01m[K/opt/ros/humble/include/rclcpp/rclcpp/memory_strategy.hpp:25[m[K,
[7.269s]                  from [01m[K/opt/ros/humble/include/rclcpp/rclcpp/memory_strategies.hpp:18[m[K,
[7.270s]                  from [01m[K/opt/ros/humble/include/rclcpp/rclcpp/executor_options.hpp:20[m[K,
[7.270s]                  from [01m[K/opt/ros/humble/include/rclcpp/rclcpp/executor.hpp:37[m[K,
[7.270s]                  from [01m[K/opt/ros/humble/include/rclcpp/rclcpp/executors/multi_threaded_executor.hpp:25[m[K,
[7.270s]                  from [01m[K/opt/ros/humble/include/rclcpp/rclcpp/executors.hpp:21[m[K,
[7.270s]                  from [01m[K/opt/ros/humble/include/rclcpp/rclcpp/rclcpp.hpp:155[m[K,
[7.270s]                  from [01m[K/opt/ros/humble/include/controller_interface/controller_interface_base.hpp:28[m[K,
[7.270s]                  from [01m[K/opt/ros/humble/include/controller_interface/controller_interface.hpp:22[m[K,
[7.270s]                  from [01m[K/home/ubuntu/robot_ws/src/ros2_controllers/force_torque_sensor_broadcaster/include/force_torque_sensor_broadcaster/force_torque_sensor_broadcaster.hpp:26[m[K,
[7.270s]                  from [01m[K/home/ubuntu/robot_ws/src/ros2_controllers/force_torque_sensor_broadcaster/src/force_torque_sensor_broadcaster.cpp:19[m[K:
[7.270s] [01m[K/home/ubuntu/robot_ws/src/ros2_controllers/force_torque_sensor_broadcaster/src/force_torque_sensor_broadcaster.cpp:70:7:[m[K [01;31m[Kerror: [m[K‘[01m[Kstd::shared_ptr<rclcpp_lifecycle::LifecycleNode> controller_interface::ControllerInterfaceBase::node_[m[K’ is private within this context
[7.270s]    70 |       [01;31m[Knode_[m[K->get_logger(),
[7.270s]       |       [01;31m[K^~~~~[m[K
[7.270s] In file included from [01m[K/opt/ros/humble/include/controller_interface/controller_interface.hpp:22[m[K,
[7.270s]                  from [01m[K/home/ubuntu/robot_ws/src/ros2_controllers/force_torque_sensor_broadcaster/include/force_torque_sensor_broadcaster/force_torque_sensor_broadcaster.hpp:26[m[K,
[7.270s]                  from [01m[K/home/ubuntu/robot_ws/src/ros2_controllers/force_torque_sensor_broadcaster/src/force_torque_sensor_broadcaster.cpp:19[m[K:
[7.270s] [01m[K/opt/ros/humble/include/controller_interface/controller_interface_base.hpp:227:52:[m[K [01;36m[Knote: [m[Kdeclared private here
[7.270s]   227 |   std::shared_ptr<rclcpp_lifecycle::LifecycleNode> [01;36m[Knode_[m[K;
[7.270s]       |                                                    [01;36m[K^~~~~[m[K
[7.271s] In file included from [01m[K/opt/ros/humble/include/rclcpp/rclcpp/client.hpp:40[m[K,
[7.271s]                  from [01m[K/opt/ros/humble/include/rclcpp/rclcpp/callback_group.hpp:24[m[K,
[7.271s]                  from [01m[K/opt/ros/humble/include/rclcpp/rclcpp/any_executable.hpp:20[m[K,
[7.271s]                  from [01m[K/opt/ros/humble/include/rclcpp/rclcpp/memory_strategy.hpp:25[m[K,
[7.271s]                  from [01m[K/opt/ros/humble/include/rclcpp/rclcpp/memory_strategies.hpp:18[m[K,
[7.271s]                  from [01m[K/opt/ros/humble/include/rclcpp/rclcpp/executor_options.hpp:20[m[K,
[7.271s]                  from [01m[K/opt/ros/humble/include/rclcpp/rclcpp/executor.hpp:37[m[K,
[7.271s]                  from [01m[K/opt/ros/humble/include/rclcpp/rclcpp/executors/multi_threaded_executor.hpp:25[m[K,
[7.271s]                  from [01m[K/opt/ros/humble/include/rclcpp/rclcpp/executors.hpp:21[m[K,
[7.271s]                  from [01m[K/opt/ros/humble/include/rclcpp/rclcpp/rclcpp.hpp:155[m[K,
[7.271s]                  from [01m[K/opt/ros/humble/include/controller_interface/controller_interface_base.hpp:28[m[K,
[7.271s]                  from [01m[K/opt/ros/humble/include/controller_interface/controller_interface.hpp:22[m[K,
[7.271s]                  from [01m[K/home/ubuntu/robot_ws/src/ros2_controllers/force_torque_sensor_broadcaster/include/force_torque_sensor_broadcaster/force_torque_sensor_broadcaster.hpp:26[m[K,
[7.271s]                  from [01m[K/home/ubuntu/robot_ws/src/ros2_controllers/force_torque_sensor_broadcaster/src/force_torque_sensor_broadcaster.cpp:19[m[K:
[7.271s] [01m[K/home/ubuntu/robot_ws/src/ros2_controllers/force_torque_sensor_broadcaster/src/force_torque_sensor_broadcaster.cpp:78:5:[m[K [01;31m[Kerror: [m[K‘[01m[Kstd::shared_ptr<rclcpp_lifecycle::LifecycleNode> controller_interface::ControllerInterfaceBase::node_[m[K’ is private within this context
[7.271s]    78 |     [01;31m[KRCLCPP_ERROR[m[K(
[7.271s]       |     [01;31m[K^~~~~~~~~~~~[m[K
[7.271s] In file included from [01m[K/opt/ros/humble/include/controller_interface/controller_interface.hpp:22[m[K,
[7.272s]                  from [01m[K/home/ubuntu/robot_ws/src/ros2_controllers/force_torque_sensor_broadcaster/include/force_torque_sensor_broadcaster/force_torque_sensor_broadcaster.hpp:26[m[K,
[7.272s]                  from [01m[K/home/ubuntu/robot_ws/src/ros2_controllers/force_torque_sensor_broadcaster/src/force_torque_sensor_broadcaster.cpp:19[m[K:
[7.272s] [01m[K/opt/ros/humble/include/controller_interface/controller_interface_base.hpp:227:52:[m[K [01;36m[Knote: [m[Kdeclared private here
[7.272s]   227 |   std::shared_ptr<rclcpp_lifecycle::LifecycleNode> [01;36m[Knode_[m[K;
[7.272s]       |                                                    [01;36m[K^~~~~[m[K
[7.272s] In file included from [01m[K/opt/ros/humble/include/rclcpp/rclcpp/logging.hpp:24[m[K,
[7.272s]                  from [01m[K/opt/ros/humble/include/rclcpp/rclcpp/client.hpp:40[m[K,
[7.272s]                  from [01m[K/opt/ros/humble/include/rclcpp/rclcpp/callback_group.hpp:24[m[K,
[7.272s]                  from [01m[K/opt/ros/humble/include/rclcpp/rclcpp/any_executable.hpp:20[m[K,
[7.272s]                  from [01m[K/opt/ros/humble/include/rclcpp/rclcpp/memory_strategy.hpp:25[m[K,
[7.272s]                  from [01m[K/opt/ros/humble/include/rclcpp/rclcpp/memory_strategies.hpp:18[m[K,
[7.272s]                  from [01m[K/opt/ros/humble/include/rclcpp/rclcpp/executor_options.hpp:20[m[K,
[7.272s]                  from [01m[K/opt/ros/humble/include/rclcpp/rclcpp/executor.hpp:37[m[K,
[7.272s]                  from [01m[K/opt/ros/humble/include/rclcpp/rclcpp/executors/multi_threaded_executor.hpp:25[m[K,
[7.272s]                  from [01m[K/opt/ros/humble/include/rclcpp/rclcpp/executors.hpp:21[m[K,
[7.272s]                  from [01m[K/opt/ros/humble/include/rclcpp/rclcpp/rclcpp.hpp:155[m[K,
[7.272s]                  from [01m[K/opt/ros/humble/include/controller_interface/controller_interface_base.hpp:28[m[K,
[7.272s]                  from [01m[K/opt/ros/humble/include/controller_interface/controller_interface.hpp:22[m[K,
[7.272s]                  from [01m[K/home/ubuntu/robot_ws/src/ros2_controllers/force_torque_sensor_broadcaster/include/force_torque_sensor_broadcaster/force_torque_sensor_broadcaster.hpp:26[m[K,
[7.272s]                  from [01m[K/home/ubuntu/robot_ws/src/ros2_controllers/force_torque_sensor_broadcaster/src/force_torque_sensor_broadcaster.cpp:19[m[K:
[7.273s] [01m[K/home/ubuntu/robot_ws/src/ros2_controllers/force_torque_sensor_broadcaster/src/force_torque_sensor_broadcaster.cpp:79:7:[m[K [01;31m[Kerror: [m[K‘[01m[Kstd::shared_ptr<rclcpp_lifecycle::LifecycleNode> controller_interface::ControllerInterfaceBase::node_[m[K’ is private within this context
[7.273s]    79 |       [01;31m[Knode_[m[K->get_logger(),
[7.273s]       |       [01;31m[K^~~~~[m[K
[7.273s] In file included from [01m[K/opt/ros/humble/include/controller_interface/controller_interface.hpp:22[m[K,
[7.273s]                  from [01m[K/home/ubuntu/robot_ws/src/ros2_controllers/force_torque_sensor_broadcaster/include/force_torque_sensor_broadcaster/force_torque_sensor_broadcaster.hpp:26[m[K,
[7.273s]                  from [01m[K/home/ubuntu/robot_ws/src/ros2_controllers/force_torque_sensor_broadcaster/src/force_torque_sensor_broadcaster.cpp:19[m[K:
[7.273s] [01m[K/opt/ros/humble/include/controller_interface/controller_interface_base.hpp:227:52:[m[K [01;36m[Knote: [m[Kdeclared private here
[7.273s]   227 |   std::shared_ptr<rclcpp_lifecycle::LifecycleNode> [01;36m[Knode_[m[K;
[7.273s]       |                                                    [01;36m[K^~~~~[m[K
[7.273s] In file included from [01m[K/opt/ros/humble/include/rclcpp/rclcpp/logging.hpp:24[m[K,
[7.273s]                  from [01m[K/opt/ros/humble/include/rclcpp/rclcpp/client.hpp:40[m[K,
[7.273s]                  from [01m[K/opt/ros/humble/include/rclcpp/rclcpp/callback_group.hpp:24[m[K,
[7.273s]                  from [01m[K/opt/ros/humble/include/rclcpp/rclcpp/any_executable.hpp:20[m[K,
[7.273s]                  from [01m[K/opt/ros/humble/include/rclcpp/rclcpp/memory_strategy.hpp:25[m[K,
[7.273s]                  from [01m[K/opt/ros/humble/include/rclcpp/rclcpp/memory_strategies.hpp:18[m[K,
[7.273s]                  from [01m[K/opt/ros/humble/include/rclcpp/rclcpp/executor_options.hpp:20[m[K,
[7.273s]                  from [01m[K/opt/ros/humble/include/rclcpp/rclcpp/executor.hpp:37[m[K,
[7.273s]                  from [01m[K/opt/ros/humble/include/rclcpp/rclcpp/executors/multi_threaded_executor.hpp:25[m[K,
[7.273s]                  from [01m[K/opt/ros/humble/include/rclcpp/rclcpp/executors.hpp:21[m[K,
[7.273s]                  from [01m[K/opt/ros/humble/include/rclcpp/rclcpp/rclcpp.hpp:155[m[K,
[7.274s]                  from [01m[K/opt/ros/humble/include/controller_interface/controller_interface_base.hpp:28[m[K,
[7.274s]                  from [01m[K/opt/ros/humble/include/controller_interface/controller_interface.hpp:22[m[K,
[7.274s]                  from [01m[K/home/ubuntu/robot_ws/src/ros2_controllers/force_torque_sensor_broadcaster/include/force_torque_sensor_broadcaster/force_torque_sensor_broadcaster.hpp:26[m[K,
[7.274s]                  from [01m[K/home/ubuntu/robot_ws/src/ros2_controllers/force_torque_sensor_broadcaster/src/force_torque_sensor_broadcaster.cpp:19[m[K:
[7.274s] [01m[K/home/ubuntu/robot_ws/src/ros2_controllers/force_torque_sensor_broadcaster/src/force_torque_sensor_broadcaster.cpp:79:7:[m[K [01;31m[Kerror: [m[K‘[01m[Kstd::shared_ptr<rclcpp_lifecycle::LifecycleNode> controller_interface::ControllerInterfaceBase::node_[m[K’ is private within this context
[7.274s]    79 |       [01;31m[Knode_[m[K->get_logger(),
[7.274s]       |       [01;31m[K^~~~~[m[K
[7.274s] In file included from [01m[K/opt/ros/humble/include/controller_interface/controller_interface.hpp:22[m[K,
[7.274s]                  from [01m[K/home/ubuntu/robot_ws/src/ros2_controllers/force_torque_sensor_broadcaster/include/force_torque_sensor_broadcaster/force_torque_sensor_broadcaster.hpp:26[m[K,
[7.274s]                  from [01m[K/home/ubuntu/robot_ws/src/ros2_controllers/force_torque_sensor_broadcaster/src/force_torque_sensor_broadcaster.cpp:19[m[K:
[7.274s] [01m[K/opt/ros/humble/include/controller_interface/controller_interface_base.hpp:227:52:[m[K [01;36m[Knote: [m[Kdeclared private here
[7.274s]   227 |   std::shared_ptr<rclcpp_lifecycle::LifecycleNode> [01;36m[Knode_[m[K;
[7.274s]       |                                                    [01;36m[K^~~~~[m[K
[7.274s] [01m[K/home/ubuntu/robot_ws/src/ros2_controllers/force_torque_sensor_broadcaster/src/force_torque_sensor_broadcaster.cpp:85:15:[m[K [01;31m[Kerror: [m[K‘[01m[Kstd::shared_ptr<rclcpp_lifecycle::LifecycleNode> controller_interface::ControllerInterfaceBase::node_[m[K’ is private within this context
[7.274s]    85 |   frame_id_ = [01;31m[Knode_[m[K->get_parameter("frame_id").as_string();
[7.274s]       |               [01;31m[K^~~~~[m[K
[7.274s] In file included from [01m[K/opt/ros/humble/include/controller_interface/controller_interface.hpp:22[m[K,
[7.274s]                  from [01m[K/home/ubuntu/robot_ws/src/ros2_controllers/force_torque_sensor_broadcaster/include/force_torque_sensor_broadcaster/force_torque_sensor_broadcaster.hpp:26[m[K,
[7.274s]                  from [01m[K/home/ubuntu/robot_ws/src/ros2_controllers/force_torque_sensor_broadcaster/src/force_torque_sensor_broadcaster.cpp:19[m[K:
[7.275s] [01m[K/opt/ros/humble/include/controller_interface/controller_interface_base.hpp:227:52:[m[K [01;36m[Knote: [m[Kdeclared private here
[7.275s]   227 |   std::shared_ptr<rclcpp_lifecycle::LifecycleNode> [01;36m[Knode_[m[K;
[7.275s]       |                                                    [01;36m[K^~~~~[m[K
[7.275s] In file included from [01m[K/opt/ros/humble/include/rclcpp/rclcpp/client.hpp:40[m[K,
[7.275s]                  from [01m[K/opt/ros/humble/include/rclcpp/rclcpp/callback_group.hpp:24[m[K,
[7.275s]                  from [01m[K/opt/ros/humble/include/rclcpp/rclcpp/any_executable.hpp:20[m[K,
[7.275s]                  from [01m[K/opt/ros/humble/include/rclcpp/rclcpp/memory_strategy.hpp:25[m[K,
[7.275s]                  from [01m[K/opt/ros/humble/include/rclcpp/rclcpp/memory_strategies.hpp:18[m[K,
[7.275s]                  from [01m[K/opt/ros/humble/include/rclcpp/rclcpp/executor_options.hpp:20[m[K,
[7.275s]                  from [01m[K/opt/ros/humble/include/rclcpp/rclcpp/executor.hpp:37[m[K,
[7.275s]                  from [01m[K/opt/ros/humble/include/rclcpp/rclcpp/executors/multi_threaded_executor.hpp:25[m[K,
[7.275s]                  from [01m[K/opt/ros/humble/include/rclcpp/rclcpp/executors.hpp:21[m[K,
[7.275s]                  from [01m[K/opt/ros/humble/include/rclcpp/rclcpp/rclcpp.hpp:155[m[K,
[7.275s]                  from [01m[K/opt/ros/humble/include/controller_interface/controller_interface_base.hpp:28[m[K,
[7.275s]                  from [01m[K/opt/ros/humble/include/controller_interface/controller_interface.hpp:22[m[K,
[7.275s]                  from [01m[K/home/ubuntu/robot_ws/src/ros2_controllers/force_torque_sensor_broadcaster/include/force_torque_sensor_broadcaster/force_torque_sensor_broadcaster.hpp:26[m[K,
[7.275s]                  from [01m[K/home/ubuntu/robot_ws/src/ros2_controllers/force_torque_sensor_broadcaster/src/force_torque_sensor_broadcaster.cpp:19[m[K:
[7.275s] [01m[K/home/ubuntu/robot_ws/src/ros2_controllers/force_torque_sensor_broadcaster/src/force_torque_sensor_broadcaster.cpp:88:5:[m[K [01;31m[Kerror: [m[K‘[01m[Kstd::shared_ptr<rclcpp_lifecycle::LifecycleNode> controller_interface::ControllerInterfaceBase::node_[m[K’ is private within this context
[7.275s]    88 |     [01;31m[KRCLCPP_ERROR[m[K(node_->get_logger(), "'frame_id' parameter has to be provided.");
[7.275s]       |     [01;31m[K^~~~~~~~~~~~[m[K
[7.275s] In file included from [01m[K/opt/ros/humble/include/controller_interface/controller_interface.hpp:22[m[K,
[7.275s]                  from [01m[K/home/ubuntu/robot_ws/src/ros2_controllers/force_torque_sensor_broadcaster/include/force_torque_sensor_broadcaster/force_torque_sensor_broadcaster.hpp:26[m[K,
[7.276s]                  from [01m[K/home/ubuntu/robot_ws/src/ros2_controllers/force_torque_sensor_broadcaster/src/force_torque_sensor_broadcaster.cpp:19[m[K:
[7.276s] [01m[K/opt/ros/humble/include/controller_interface/controller_interface_base.hpp:227:52:[m[K [01;36m[Knote: [m[Kdeclared private here
[7.276s]   227 |   std::shared_ptr<rclcpp_lifecycle::LifecycleNode> [01;36m[Knode_[m[K;
[7.276s]       |                                                    [01;36m[K^~~~~[m[K
[7.276s] In file included from [01m[K/opt/ros/humble/include/rclcpp/rclcpp/logging.hpp:24[m[K,
[7.276s]                  from [01m[K/opt/ros/humble/include/rclcpp/rclcpp/client.hpp:40[m[K,
[7.276s]                  from [01m[K/opt/ros/humble/include/rclcpp/rclcpp/callback_group.hpp:24[m[K,
[7.276s]                  from [01m[K/opt/ros/humble/include/rclcpp/rclcpp/any_executable.hpp:20[m[K,
[7.276s]                  from [01m[K/opt/ros/humble/include/rclcpp/rclcpp/memory_strategy.hpp:25[m[K,
[7.276s]                  from [01m[K/opt/ros/humble/include/rclcpp/rclcpp/memory_strategies.hpp:18[m[K,
[7.276s]                  from [01m[K/opt/ros/humble/include/rclcpp/rclcpp/executor_options.hpp:20[m[K,
[7.276s]                  from [01m[K/opt/ros/humble/include/rclcpp/rclcpp/executor.hpp:37[m[K,
[7.276s]                  from [01m[K/opt/ros/humble/include/rclcpp/rclcpp/executors/multi_threaded_executor.hpp:25[m[K,
[7.276s]                  from [01m[K/opt/ros/humble/include/rclcpp/rclcpp/executors.hpp:21[m[K,
[7.276s]                  from [01m[K/opt/ros/humble/include/rclcpp/rclcpp/rclcpp.hpp:155[m[K,
[7.276s]                  from [01m[K/opt/ros/humble/include/controller_interface/controller_interface_base.hpp:28[m[K,
[7.276s]                  from [01m[K/opt/ros/humble/include/controller_interface/controller_interface.hpp:22[m[K,
[7.276s]                  from [01m[K/home/ubuntu/robot_ws/src/ros2_controllers/force_torque_sensor_broadcaster/include/force_torque_sensor_broadcaster/force_torque_sensor_broadcaster.hpp:26[m[K,
[7.276s]                  from [01m[K/home/ubuntu/robot_ws/src/ros2_controllers/force_torque_sensor_broadcaster/src/force_torque_sensor_broadcaster.cpp:19[m[K:
[7.276s] [01m[K/home/ubuntu/robot_ws/src/ros2_controllers/force_torque_sensor_broadcaster/src/force_torque_sensor_broadcaster.cpp:88:18:[m[K [01;31m[Kerror: [m[K‘[01m[Kstd::shared_ptr<rclcpp_lifecycle::LifecycleNode> controller_interface::ControllerInterfaceBase::node_[m[K’ is private within this context
[7.277s]    88 |     RCLCPP_ERROR([01;31m[Knode_[m[K->get_logger(), "'frame_id' parameter has to be provided.");
[7.277s]       |                  [01;31m[K^~~~~[m[K
[7.277s] In file included from [01m[K/opt/ros/humble/include/controller_interface/controller_interface.hpp:22[m[K,
[7.277s]                  from [01m[K/home/ubuntu/robot_ws/src/ros2_controllers/force_torque_sensor_broadcaster/include/force_torque_sensor_broadcaster/force_torque_sensor_broadcaster.hpp:26[m[K,
[7.277s]                  from [01m[K/home/ubuntu/robot_ws/src/ros2_controllers/force_torque_sensor_broadcaster/src/force_torque_sensor_broadcaster.cpp:19[m[K:
[7.277s] [01m[K/opt/ros/humble/include/controller_interface/controller_interface_base.hpp:227:52:[m[K [01;36m[Knote: [m[Kdeclared private here
[7.277s]   227 |   std::shared_ptr<rclcpp_lifecycle::LifecycleNode> [01;36m[Knode_[m[K;
[7.277s]       |                                                    [01;36m[K^~~~~[m[K
[7.277s] In file included from [01m[K/opt/ros/humble/include/rclcpp/rclcpp/logging.hpp:24[m[K,
[7.277s]                  from [01m[K/opt/ros/humble/include/rclcpp/rclcpp/client.hpp:40[m[K,
[7.277s]                  from [01m[K/opt/ros/humble/include/rclcpp/rclcpp/callback_group.hpp:24[m[K,
[7.277s]                  from [01m[K/opt/ros/humble/include/rclcpp/rclcpp/any_executable.hpp:20[m[K,
[7.277s]                  from [01m[K/opt/ros/humble/include/rclcpp/rclcpp/memory_strategy.hpp:25[m[K,
[7.277s]                  from [01m[K/opt/ros/humble/include/rclcpp/rclcpp/memory_strategies.hpp:18[m[K,
[7.277s]                  from [01m[K/opt/ros/humble/include/rclcpp/rclcpp/executor_options.hpp:20[m[K,
[7.277s]                  from [01m[K/opt/ros/humble/include/rclcpp/rclcpp/executor.hpp:37[m[K,
[7.277s]                  from [01m[K/opt/ros/humble/include/rclcpp/rclcpp/executors/multi_threaded_executor.hpp:25[m[K,
[7.277s]                  from [01m[K/opt/ros/humble/include/rclcpp/rclcpp/executors.hpp:21[m[K,
[7.277s]                  from [01m[K/opt/ros/humble/include/rclcpp/rclcpp/rclcpp.hpp:155[m[K,
[7.277s]                  from [01m[K/opt/ros/humble/include/controller_interface/controller_interface_base.hpp:28[m[K,
[7.278s]                  from [01m[K/opt/ros/humble/include/controller_interface/controller_interface.hpp:22[m[K,
[7.278s]                  from [01m[K/home/ubuntu/robot_ws/src/ros2_controllers/force_torque_sensor_broadcaster/include/force_torque_sensor_broadcaster/force_torque_sensor_broadcaster.hpp:26[m[K,
[7.278s]                  from [01m[K/home/ubuntu/robot_ws/src/ros2_controllers/force_torque_sensor_broadcaster/src/force_torque_sensor_broadcaster.cpp:19[m[K:
[7.278s] [01m[K/home/ubuntu/robot_ws/src/ros2_controllers/force_torque_sensor_broadcaster/src/force_torque_sensor_broadcaster.cpp:88:18:[m[K [01;31m[Kerror: [m[K‘[01m[Kstd::shared_ptr<rclcpp_lifecycle::LifecycleNode> controller_interface::ControllerInterfaceBase::node_[m[K’ is private within this context
[7.278s]    88 |     RCLCPP_ERROR([01;31m[Knode_[m[K->get_logger(), "'frame_id' parameter has to be provided.");
[7.278s]       |                  [01;31m[K^~~~~[m[K
[7.278s] In file included from [01m[K/opt/ros/humble/include/controller_interface/controller_interface.hpp:22[m[K,
[7.278s]                  from [01m[K/home/ubuntu/robot_ws/src/ros2_controllers/force_torque_sensor_broadcaster/include/force_torque_sensor_broadcaster/force_torque_sensor_broadcaster.hpp:26[m[K,
[7.278s]                  from [01m[K/home/ubuntu/robot_ws/src/ros2_controllers/force_torque_sensor_broadcaster/src/force_torque_sensor_broadcaster.cpp:19[m[K:
[7.278s] [01m[K/opt/ros/humble/include/controller_interface/controller_interface_base.hpp:227:52:[m[K [01;36m[Knote: [m[Kdeclared private here
[7.278s]   227 |   std::shared_ptr<rclcpp_lifecycle::LifecycleNode> [01;36m[Knode_[m[K;
[7.278s]       |                                                    [01;36m[K^~~~~[m[K
[7.278s] [01m[K/home/ubuntu/robot_ws/src/ros2_controllers/force_torque_sensor_broadcaster/src/force_torque_sensor_broadcaster.cpp:108:31:[m[K [01;31m[Kerror: [m[K‘[01m[Kstd::shared_ptr<rclcpp_lifecycle::LifecycleNode> controller_interface::ControllerInterfaceBase::node_[m[K’ is private within this context
[7.278s]   108 |     sensor_state_publisher_ = [01;31m[Knode_[m[K->create_publisher<geometry_msgs::msg::WrenchStamped>(
[7.278s]       |                               [01;31m[K^~~~~[m[K
[7.278s] In file included from [01m[K/opt/ros/humble/include/controller_interface/controller_interface.hpp:22[m[K,
[7.278s]                  from [01m[K/home/ubuntu/robot_ws/src/ros2_controllers/force_torque_sensor_broadcaster/include/force_torque_sensor_broadcaster/force_torque_sensor_broadcaster.hpp:26[m[K,
[7.278s]                  from [01m[K/home/ubuntu/robot_ws/src/ros2_controllers/force_torque_sensor_broadcaster/src/force_torque_sensor_broadcaster.cpp:19[m[K:
[7.278s] [01m[K/opt/ros/humble/include/controller_interface/controller_interface_base.hpp:227:52:[m[K [01;36m[Knote: [m[Kdeclared private here
[7.278s]   227 |   std::shared_ptr<rclcpp_lifecycle::LifecycleNode> [01;36m[Knode_[m[K;
[7.278s]       |                                                    [01;36m[K^~~~~[m[K
[7.286s] In file included from [01m[K/opt/ros/humble/include/rclcpp/rclcpp/client.hpp:40[m[K,
[7.286s]                  from [01m[K/opt/ros/humble/include/rclcpp/rclcpp/callback_group.hpp:24[m[K,
[7.286s]                  from [01m[K/opt/ros/humble/include/rclcpp/rclcpp/any_executable.hpp:20[m[K,
[7.287s]                  from [01m[K/opt/ros/humble/include/rclcpp/rclcpp/memory_strategy.hpp:25[m[K,
[7.287s]                  from [01m[K/opt/ros/humble/include/rclcpp/rclcpp/memory_strategies.hpp:18[m[K,
[7.287s]                  from [01m[K/opt/ros/humble/include/rclcpp/rclcpp/executor_options.hpp:20[m[K,
[7.287s]                  from [01m[K/opt/ros/humble/include/rclcpp/rclcpp/executor.hpp:37[m[K,
[7.287s]                  from [01m[K/opt/ros/humble/include/rclcpp/rclcpp/executors/multi_threaded_executor.hpp:25[m[K,
[7.287s]                  from [01m[K/opt/ros/humble/include/rclcpp/rclcpp/executors.hpp:21[m[K,
[7.287s]                  from [01m[K/opt/ros/humble/include/rclcpp/rclcpp/rclcpp.hpp:155[m[K,
[7.287s]                  from [01m[K/opt/ros/humble/include/controller_interface/controller_interface_base.hpp:28[m[K,
[7.287s]                  from [01m[K/opt/ros/humble/include/controller_interface/controller_interface.hpp:22[m[K,
[7.287s]                  from [01m[K/home/ubuntu/robot_ws/src/ros2_controllers/force_torque_sensor_broadcaster/include/force_torque_sensor_broadcaster/force_torque_sensor_broadcaster.hpp:26[m[K,
[7.287s]                  from [01m[K/home/ubuntu/robot_ws/src/ros2_controllers/force_torque_sensor_broadcaster/src/force_torque_sensor_broadcaster.cpp:19[m[K:
[7.287s] [01m[K/home/ubuntu/robot_ws/src/ros2_controllers/force_torque_sensor_broadcaster/src/force_torque_sensor_broadcaster.cpp:124:3:[m[K [01;31m[Kerror: [m[K‘[01m[Kstd::shared_ptr<rclcpp_lifecycle::LifecycleNode> controller_interface::ControllerInterfaceBase::node_[m[K’ is private within this context
[7.287s]   124 |   [01;31m[KRCLCPP_DEBUG[m[K(node_->get_logger(), "configure successful");
[7.287s]       |   [01;31m[K^~~~~~~~~~~~[m[K
[7.287s] In file included from [01m[K/opt/ros/humble/include/controller_interface/controller_interface.hpp:22[m[K,
[7.287s]                  from [01m[K/home/ubuntu/robot_ws/src/ros2_controllers/force_torque_sensor_broadcaster/include/force_torque_sensor_broadcaster/force_torque_sensor_broadcaster.hpp:26[m[K,
[7.287s]                  from [01m[K/home/ubuntu/robot_ws/src/ros2_controllers/force_torque_sensor_broadcaster/src/force_torque_sensor_broadcaster.cpp:19[m[K:
[7.287s] [01m[K/opt/ros/humble/include/controller_interface/controller_interface_base.hpp:227:52:[m[K [01;36m[Knote: [m[Kdeclared private here
[7.287s]   227 |   std::shared_ptr<rclcpp_lifecycle::LifecycleNode> [01;36m[Knode_[m[K;
[7.288s]       |                                                    [01;36m[K^~~~~[m[K
[7.288s] In file included from [01m[K/opt/ros/humble/include/rclcpp/rclcpp/logging.hpp:24[m[K,
[7.288s]                  from [01m[K/opt/ros/humble/include/rclcpp/rclcpp/client.hpp:40[m[K,
[7.292s]                  from [01m[K/opt/ros/humble/include/rclcpp/rclcpp/callback_group.hpp:24[m[K,
[7.292s]                  from [01m[K/opt/ros/humble/include/rclcpp/rclcpp/any_executable.hpp:20[m[K,
[7.292s]                  from [01m[K/opt/ros/humble/include/rclcpp/rclcpp/memory_strategy.hpp:25[m[K,
[7.292s]                  from [01m[K/opt/ros/humble/include/rclcpp/rclcpp/memory_strategies.hpp:18[m[K,
[7.292s]                  from [01m[K/opt/ros/humble/include/rclcpp/rclcpp/executor_options.hpp:20[m[K,
[7.292s]                  from [01m[K/opt/ros/humble/include/rclcpp/rclcpp/executor.hpp:37[m[K,
[7.292s]                  from [01m[K/opt/ros/humble/include/rclcpp/rclcpp/executors/multi_threaded_executor.hpp:25[m[K,
[7.292s]                  from [01m[K/opt/ros/humble/include/rclcpp/rclcpp/executors.hpp:21[m[K,
[7.292s]                  from [01m[K/opt/ros/humble/include/rclcpp/rclcpp/rclcpp.hpp:155[m[K,
[7.292s]                  from [01m[K/opt/ros/humble/include/controller_interface/controller_interface_base.hpp:28[m[K,
[7.292s]                  from [01m[K/opt/ros/humble/include/controller_interface/controller_interface.hpp:22[m[K,
[7.293s]                  from [01m[K/home/ubuntu/robot_ws/src/ros2_controllers/force_torque_sensor_broadcaster/include/force_torque_sensor_broadcaster/force_torque_sensor_broadcaster.hpp:26[m[K,
[7.293s]                  from [01m[K/home/ubuntu/robot_ws/src/ros2_controllers/force_torque_sensor_broadcaster/src/force_torque_sensor_broadcaster.cpp:19[m[K:
[7.293s] [01m[K/home/ubuntu/robot_ws/src/ros2_controllers/force_torque_sensor_broadcaster/src/force_torque_sensor_broadcaster.cpp:124:16:[m[K [01;31m[Kerror: [m[K‘[01m[Kstd::shared_ptr<rclcpp_lifecycle::LifecycleNode> controller_interface::ControllerInterfaceBase::node_[m[K’ is private within this context
[7.293s]   124 |   RCLCPP_DEBUG([01;31m[Knode_[m[K->get_logger(), "configure successful");
[7.293s]       |                [01;31m[K^~~~~[m[K
[7.293s] In file included from [01m[K/opt/ros/humble/include/controller_interface/controller_interface.hpp:22[m[K,
[7.293s]                  from [01m[K/home/ubuntu/robot_ws/src/ros2_controllers/force_torque_sensor_broadcaster/include/force_torque_sensor_broadcaster/force_torque_sensor_broadcaster.hpp:26[m[K,
[7.293s]                  from [01m[K/home/ubuntu/robot_ws/src/ros2_controllers/force_torque_sensor_broadcaster/src/force_torque_sensor_broadcaster.cpp:19[m[K:
[7.293s] [01m[K/opt/ros/humble/include/controller_interface/controller_interface_base.hpp:227:52:[m[K [01;36m[Knote: [m[Kdeclared private here
[7.293s]   227 |   std::shared_ptr<rclcpp_lifecycle::LifecycleNode> [01;36m[Knode_[m[K;
[7.293s]       |                                                    [01;36m[K^~~~~[m[K
[7.293s] In file included from [01m[K/opt/ros/humble/include/rclcpp/rclcpp/logging.hpp:24[m[K,
[7.293s]                  from [01m[K/opt/ros/humble/include/rclcpp/rclcpp/client.hpp:40[m[K,
[7.293s]                  from [01m[K/opt/ros/humble/include/rclcpp/rclcpp/callback_group.hpp:24[m[K,
[7.293s]                  from [01m[K/opt/ros/humble/include/rclcpp/rclcpp/any_executable.hpp:20[m[K,
[7.293s]                  from [01m[K/opt/ros/humble/include/rclcpp/rclcpp/memory_strategy.hpp:25[m[K,
[7.293s]                  from [01m[K/opt/ros/humble/include/rclcpp/rclcpp/memory_strategies.hpp:18[m[K,
[7.293s]                  from [01m[K/opt/ros/humble/include/rclcpp/rclcpp/executor_options.hpp:20[m[K,
[7.293s]                  from [01m[K/opt/ros/humble/include/rclcpp/rclcpp/executor.hpp:37[m[K,
[7.294s]                  from [01m[K/opt/ros/humble/include/rclcpp/rclcpp/executors/multi_threaded_executor.hpp:25[m[K,
[7.294s]                  from [01m[K/opt/ros/humble/include/rclcpp/rclcpp/executors.hpp:21[m[K,
[7.294s]                  from [01m[K/opt/ros/humble/include/rclcpp/rclcpp/rclcpp.hpp:155[m[K,
[7.294s]                  from [01m[K/opt/ros/humble/include/controller_interface/controller_interface_base.hpp:28[m[K,
[7.294s]                  from [01m[K/opt/ros/humble/include/controller_interface/controller_interface.hpp:22[m[K,
[7.294s]                  from [01m[K/home/ubuntu/robot_ws/src/ros2_controllers/force_torque_sensor_broadcaster/include/force_torque_sensor_broadcaster/force_torque_sensor_broadcaster.hpp:26[m[K,
[7.294s]                  from [01m[K/home/ubuntu/robot_ws/src/ros2_controllers/force_torque_sensor_broadcaster/src/force_torque_sensor_broadcaster.cpp:19[m[K:
[7.294s] [01m[K/home/ubuntu/robot_ws/src/ros2_controllers/force_torque_sensor_broadcaster/src/force_torque_sensor_broadcaster.cpp:124:16:[m[K [01;31m[Kerror: [m[K‘[01m[Kstd::shared_ptr<rclcpp_lifecycle::LifecycleNode> controller_interface::ControllerInterfaceBase::node_[m[K’ is private within this context
[7.294s]   124 |   RCLCPP_DEBUG([01;31m[Knode_[m[K->get_logger(), "configure successful");
[7.294s]       |                [01;31m[K^~~~~[m[K
[7.294s] In file included from [01m[K/opt/ros/humble/include/controller_interface/controller_interface.hpp:22[m[K,
[7.294s]                  from [01m[K/home/ubuntu/robot_ws/src/ros2_controllers/force_torque_sensor_broadcaster/include/force_torque_sensor_broadcaster/force_torque_sensor_broadcaster.hpp:26[m[K,
[7.294s]                  from [01m[K/home/ubuntu/robot_ws/src/ros2_controllers/force_torque_sensor_broadcaster/src/force_torque_sensor_broadcaster.cpp:19[m[K:
[7.294s] [01m[K/opt/ros/humble/include/controller_interface/controller_interface_base.hpp:227:52:[m[K [01;36m[Knote: [m[Kdeclared private here
[7.294s]   227 |   std::shared_ptr<rclcpp_lifecycle::LifecycleNode> [01;36m[Knode_[m[K;
[7.294s]       |                                                    [01;36m[K^~~~~[m[K
[8.964s] gmake[2]: *** [CMakeFiles/force_torque_sensor_broadcaster.dir/build.make:76: CMakeFiles/force_torque_sensor_broadcaster.dir/src/force_torque_sensor_broadcaster.cpp.o] Error 1
[8.964s] gmake[1]: *** [CMakeFiles/Makefile2:178: CMakeFiles/force_torque_sensor_broadcaster.dir/all] Error 2
[8.964s] gmake[1]: *** Waiting for unfinished jobs....
[15.479s] [ 54%] [32m[1mLinking CXX static library libgmock.a[0m
[15.559s] [ 54%] Built target gmock
[15.560s] gmake: *** [Makefile:146: all] Error 2
