[0.431s] Invoking command in '/home/ubuntu/robot_ws/src/build/ign_ros2_control': CMAKE_PREFIX_PATH=${CMAKE_PREFIX_PATH}:/home/ubuntu/install/turtlebot3_teleop:/home/ubuntu/install/turtlebot3_example:/home/ubuntu/install/the_simplest_python_package:/home/ubuntu/install/python_package_with_a_node:/home/ubuntu/install/python_package_that_uses_the_library:/home/ubuntu/install/python_package_with_a_library:/home/ubuntu/ws_moveit/install/moveit_configs_utils:/home/ubuntu/turtlebot3_ws/install/turtlebot3_teleop:/opt/ros/humble /usr/bin/cmake /home/ubuntu/robot_ws/src/ign_ros2_control/ign_ros2_control -DCMAKE_BUILD_TYPE=Release -DAMENT_CMAKE_SYMLINK_INSTALL=1 -DCMAKE_INSTALL_PREFIX=/home/ubuntu/robot_ws/src/install
[0.480s] -- Found ament_cmake: 1.3.5 (/opt/ros/humble/share/ament_cmake/cmake)
[0.670s] -- Override CMake install command with custom implementation using symlinks instead of copying resources
[0.670s] -- Found ament_index_cpp: 1.4.0 (/opt/ros/humble/share/ament_index_cpp/cmake)
[0.670s] -- Found controller_manager: 2.32.0 (/opt/ros/humble/share/controller_manager/cmake)
[0.888s] -- Found rosidl_generator_c: 3.1.5 (/opt/ros/humble/share/rosidl_generator_c/cmake)
[0.920s] -- Found rosidl_adapter: 3.1.5 (/opt/ros/humble/share/rosidl_adapter/cmake)
[0.928s] -- Found rosidl_generator_cpp: 3.1.5 (/opt/ros/humble/share/rosidl_generator_cpp/cmake)
[1.005s] -- Using all available rosidl_typesupport_c: rosidl_typesupport_fastrtps_c;rosidl_typesupport_introspection_c
[1.036s] -- Using all available rosidl_typesupport_cpp: rosidl_typesupport_fastrtps_cpp;rosidl_typesupport_introspection_cpp
[5.429s] -- Found rmw_implementation_cmake: 6.1.1 (/opt/ros/humble/share/rmw_implementation_cmake/cmake)
[5.436s] -- Found rmw_cyclonedds_cpp: 1.3.4 (/opt/ros/humble/share/rmw_cyclonedds_cpp/cmake)
[5.485s] -- Using RMW implementation 'rmw_cyclonedds_cpp' as default
[6.321s] -- Found urdf: 2.6.0 (/opt/ros/humble/share/urdf/cmake)
[6.329s] -- Found yaml_cpp_vendor: 8.0.2 (/opt/ros/humble/share/yaml_cpp_vendor/cmake)
[8.732s] -- Configuring incomplete, errors occurred!
[8.732s] See also "/home/ubuntu/robot_ws/src/build/ign_ros2_control/CMakeFiles/CMakeOutput.log".
[8.732s] [31mCMake Error at CMakeLists.txt:44 (find_package):
[8.732s]   By not providing "Findignition-gazebo3.cmake" in CMAKE_MODULE_PATH this
[8.732s]   project has asked CMake to find a package configuration file provided by
[8.732s]   "ignition-gazebo3", but CMake did not find one.
[8.732s] 
[8.733s]   Could not find a package configuration file provided by "ignition-gazebo3"
[8.733s]   with any of the following names:
[8.733s] 
[8.733s]     ignition-gazebo3Config.cmake
[8.733s]     ignition-gazebo3-config.cmake
[8.733s] 
[8.733s]   Add the installation prefix of "ignition-gazebo3" to CMAKE_PREFIX_PATH or
[8.733s]   set "ignition-gazebo3_DIR" to a directory containing one of the above
[8.733s]   files.  If "ignition-gazebo3" provides a separate development package or
[8.733s]   SDK, be sure it has been installed.
[8.733s] 
[8.733s] [0m
