[0.117s] Invoking command in '/home/ubuntu/robot_ws/src/build/pymoveit2': CMAKE_PREFIX_PATH=${CMAKE_PREFIX_PATH}:/home/ubuntu/install/turtlebot3_teleop:/home/ubuntu/install/turtlebot3_example:/home/ubuntu/install/the_simplest_python_package:/home/ubuntu/install/python_package_with_a_node:/home/ubuntu/install/python_package_that_uses_the_library:/home/ubuntu/install/python_package_with_a_library:/home/ubuntu/ws_moveit/install/moveit_configs_utils:/home/ubuntu/turtlebot3_ws/install/turtlebot3_teleop:/opt/ros/humble /usr/bin/cmake --build /home/ubuntu/robot_ws/src/build/pymoveit2 -- -j20 -l20
[0.179s] Built target ament_cmake_python_symlink_pymoveit2
[0.400s] running egg_info
[0.400s] writing pymoveit2.egg-info/PKG-INFO
[0.401s] writing dependency_links to pymoveit2.egg-info/dependency_links.txt
[0.401s] writing top-level names to pymoveit2.egg-info/top_level.txt
[0.405s] reading manifest file 'pymoveit2.egg-info/SOURCES.txt'
[0.405s] writing manifest file 'pymoveit2.egg-info/SOURCES.txt'
[0.431s] Built target ament_cmake_python_build_pymoveit2_egg
[0.444s] Invoked command in '/home/ubuntu/robot_ws/src/build/pymoveit2' returned '0': CMAKE_PREFIX_PATH=${CMAKE_PREFIX_PATH}:/home/ubuntu/install/turtlebot3_teleop:/home/ubuntu/install/turtlebot3_example:/home/ubuntu/install/the_simplest_python_package:/home/ubuntu/install/python_package_with_a_node:/home/ubuntu/install/python_package_that_uses_the_library:/home/ubuntu/install/python_package_with_a_library:/home/ubuntu/ws_moveit/install/moveit_configs_utils:/home/ubuntu/turtlebot3_ws/install/turtlebot3_teleop:/opt/ros/humble /usr/bin/cmake --build /home/ubuntu/robot_ws/src/build/pymoveit2 -- -j20 -l20
[0.480s] Invoking command in '/home/ubuntu/robot_ws/src/build/pymoveit2': CMAKE_PREFIX_PATH=${CMAKE_PREFIX_PATH}:/home/ubuntu/install/turtlebot3_teleop:/home/ubuntu/install/turtlebot3_example:/home/ubuntu/install/the_simplest_python_package:/home/ubuntu/install/python_package_with_a_node:/home/ubuntu/install/python_package_that_uses_the_library:/home/ubuntu/install/python_package_with_a_library:/home/ubuntu/ws_moveit/install/moveit_configs_utils:/home/ubuntu/turtlebot3_ws/install/turtlebot3_teleop:/opt/ros/humble /usr/bin/cmake --install /home/ubuntu/robot_ws/src/build/pymoveit2
[0.489s] -- Install configuration: "Release"
[0.489s] -- Execute custom install script
[0.489s] -- Up-to-date symlink: /home/ubuntu/robot_ws/src/install/share/pymoveit2/environment/pythonpath.sh
[0.489s] -- Up-to-date symlink: /home/ubuntu/robot_ws/src/install/share/pymoveit2/environment/pythonpath.dsv
[0.489s] -- Up-to-date symlink: /home/ubuntu/robot_ws/src/install/local/lib/python3.10/dist-packages/pymoveit2-2.1.0-py3.10.egg-info/PKG-INFO
[0.489s] -- Up-to-date symlink: /home/ubuntu/robot_ws/src/install/local/lib/python3.10/dist-packages/pymoveit2-2.1.0-py3.10.egg-info/SOURCES.txt
[0.490s] -- Up-to-date symlink: /home/ubuntu/robot_ws/src/install/local/lib/python3.10/dist-packages/pymoveit2-2.1.0-py3.10.egg-info/dependency_links.txt
[0.490s] -- Up-to-date symlink: /home/ubuntu/robot_ws/src/install/local/lib/python3.10/dist-packages/pymoveit2-2.1.0-py3.10.egg-info/top_level.txt
[0.490s] -- Up-to-date symlink: /home/ubuntu/robot_ws/src/install/local/lib/python3.10/dist-packages/pymoveit2/__init__.py
[0.490s] -- Up-to-date symlink: /home/ubuntu/robot_ws/src/install/local/lib/python3.10/dist-packages/pymoveit2/gripper_command.py
[0.490s] -- Up-to-date symlink: /home/ubuntu/robot_ws/src/install/local/lib/python3.10/dist-packages/pymoveit2/moveit2.py
[0.490s] -- Up-to-date symlink: /home/ubuntu/robot_ws/src/install/local/lib/python3.10/dist-packages/pymoveit2/moveit2_gripper.py
[0.490s] -- Up-to-date symlink: /home/ubuntu/robot_ws/src/install/local/lib/python3.10/dist-packages/pymoveit2/moveit2_servo.py
[0.491s] -- Up-to-date symlink: /home/ubuntu/robot_ws/src/install/local/lib/python3.10/dist-packages/pymoveit2/robots/__init__.py
[0.491s] -- Up-to-date symlink: /home/ubuntu/robot_ws/src/install/local/lib/python3.10/dist-packages/pymoveit2/robots/panda.py
[0.491s] -- Up-to-date symlink: /home/ubuntu/robot_ws/src/install/local/lib/python3.10/dist-packages/pymoveit2/robots/ur5.py
[0.491s] -- Up-to-date symlink: /home/ubuntu/robot_ws/src/install/lib/pymoveit2/ex_collision_object.py
[0.491s] -- Up-to-date symlink: /home/ubuntu/robot_ws/src/install/lib/pymoveit2/ex_gripper_command.py
[0.491s] -- Up-to-date symlink: /home/ubuntu/robot_ws/src/install/lib/pymoveit2/ex_gripper.py
[0.491s] -- Up-to-date symlink: /home/ubuntu/robot_ws/src/install/lib/pymoveit2/ex_joint_goal.py
[0.491s] -- Up-to-date symlink: /home/ubuntu/robot_ws/src/install/lib/pymoveit2/ex_pose_goal.py
[0.492s] -- Up-to-date symlink: /home/ubuntu/robot_ws/src/install/lib/pymoveit2/ex_servo.py
[0.492s] -- Up-to-date symlink: /home/ubuntu/robot_ws/src/install/share/ament_index/resource_index/package_run_dependencies/pymoveit2
[0.492s] -- Up-to-date symlink: /home/ubuntu/robot_ws/src/install/share/ament_index/resource_index/parent_prefix_path/pymoveit2
[0.492s] -- Up-to-date symlink: /home/ubuntu/robot_ws/src/install/share/pymoveit2/environment/ament_prefix_path.sh
[0.492s] -- Up-to-date symlink: /home/ubuntu/robot_ws/src/install/share/pymoveit2/environment/ament_prefix_path.dsv
[0.492s] -- Up-to-date symlink: /home/ubuntu/robot_ws/src/install/share/pymoveit2/environment/path.sh
[0.492s] -- Up-to-date symlink: /home/ubuntu/robot_ws/src/install/share/pymoveit2/environment/path.dsv
[0.492s] -- Up-to-date symlink: /home/ubuntu/robot_ws/src/install/share/pymoveit2/local_setup.bash
[0.492s] -- Up-to-date symlink: /home/ubuntu/robot_ws/src/install/share/pymoveit2/local_setup.sh
[0.492s] -- Up-to-date symlink: /home/ubuntu/robot_ws/src/install/share/pymoveit2/local_setup.zsh
[0.492s] -- Up-to-date symlink: /home/ubuntu/robot_ws/src/install/share/pymoveit2/local_setup.dsv
[0.493s] -- Symlinking: /home/ubuntu/robot_ws/src/install/share/pymoveit2/package.dsv
[0.503s] -- Up-to-date symlink: /home/ubuntu/robot_ws/src/install/share/ament_index/resource_index/packages/pymoveit2
[0.503s] -- Up-to-date symlink: /home/ubuntu/robot_ws/src/install/share/pymoveit2/cmake/pymoveit2Config.cmake
[0.503s] -- Up-to-date symlink: /home/ubuntu/robot_ws/src/install/share/pymoveit2/cmake/pymoveit2Config-version.cmake
[0.503s] -- Up-to-date symlink: /home/ubuntu/robot_ws/src/install/share/pymoveit2/package.xml
[0.534s] Listing '/home/ubuntu/robot_ws/src/install/local/lib/python3.10/dist-packages/pymoveit2'...
[0.534s] Listing '/home/ubuntu/robot_ws/src/install/local/lib/python3.10/dist-packages/pymoveit2/robots'...
[0.540s] Invoked command in '/home/ubuntu/robot_ws/src/build/pymoveit2' returned '0': CMAKE_PREFIX_PATH=${CMAKE_PREFIX_PATH}:/home/ubuntu/install/turtlebot3_teleop:/home/ubuntu/install/turtlebot3_example:/home/ubuntu/install/the_simplest_python_package:/home/ubuntu/install/python_package_with_a_node:/home/ubuntu/install/python_package_that_uses_the_library:/home/ubuntu/install/python_package_with_a_library:/home/ubuntu/ws_moveit/install/moveit_configs_utils:/home/ubuntu/turtlebot3_ws/install/turtlebot3_teleop:/opt/ros/humble /usr/bin/cmake --install /home/ubuntu/robot_ws/src/build/pymoveit2
