[0.366s] Invoking command in '/home/ubuntu/robot_ws/src/build/imu_sensor_broadcaster': CMAKE_PREFIX_PATH=${CMAKE_PREFIX_PATH}:/home/ubuntu/install/turtlebot3_teleop:/home/ubuntu/install/turtlebot3_example:/home/ubuntu/install/the_simplest_python_package:/home/ubuntu/install/python_package_with_a_node:/home/ubuntu/install/python_package_that_uses_the_library:/home/ubuntu/install/python_package_with_a_library:/home/ubuntu/ws_moveit/install/moveit_configs_utils:/home/ubuntu/turtlebot3_ws/install/turtlebot3_teleop:/opt/ros/humble /usr/bin/cmake /home/ubuntu/robot_ws/src/ros2_controllers/imu_sensor_broadcaster -DCMAKE_BUILD_TYPE=Release -DAMENT_CMAKE_SYMLINK_INSTALL=1 -DCMAKE_INSTALL_PREFIX=/home/ubuntu/robot_ws/src/install
[0.498s] -- The C compiler identification is GNU 11.4.0
[1.115s] -- The CXX compiler identification is GNU 11.4.0
[1.409s] -- Detecting C compiler ABI info
[1.564s] -- Detecting C compiler ABI info - done
[1.568s] -- Check for working C compiler: /usr/bin/cc - skipped
[1.568s] -- Detecting C compile features
[1.568s] -- Detecting C compile features - done
[1.571s] -- Detecting CXX compiler ABI info
[1.774s] -- Detecting CXX compiler ABI info - done
[1.780s] -- Check for working CXX compiler: /usr/bin/c++ - skipped
[1.781s] -- Detecting CXX compile features
[1.781s] -- Detecting CXX compile features - done
[1.788s] -- Found ament_cmake: 1.3.5 (/opt/ros/humble/share/ament_cmake/cmake)
[1.992s] -- Found Python3: /usr/bin/python3.10 (found version "3.10.12") found components: Interpreter 
[2.058s] -- Override CMake install command with custom implementation using symlinks instead of copying resources
[2.129s] -- Found controller_interface: 2.32.0 (/opt/ros/humble/share/controller_interface/cmake)
[2.333s] -- Found rosidl_generator_c: 3.1.5 (/opt/ros/humble/share/rosidl_generator_c/cmake)
[2.341s] -- Found rosidl_adapter: 3.1.5 (/opt/ros/humble/share/rosidl_adapter/cmake)
[2.355s] -- Found rosidl_generator_cpp: 3.1.5 (/opt/ros/humble/share/rosidl_generator_cpp/cmake)
[2.376s] -- Using all available rosidl_typesupport_c: rosidl_typesupport_fastrtps_c;rosidl_typesupport_introspection_c
[2.406s] -- Using all available rosidl_typesupport_cpp: rosidl_typesupport_fastrtps_cpp;rosidl_typesupport_introspection_cpp
[4.093s] -- Found rmw_implementation_cmake: 6.1.1 (/opt/ros/humble/share/rmw_implementation_cmake/cmake)
[4.100s] -- Found rmw_cyclonedds_cpp: 1.3.4 (/opt/ros/humble/share/rmw_cyclonedds_cpp/cmake)
[4.148s] -- Using RMW implementation 'rmw_cyclonedds_cpp' as default
[4.171s] -- Looking for pthread.h
[4.305s] -- Looking for pthread.h - found
[4.305s] -- Performing Test CMAKE_HAVE_LIBC_PTHREAD
[4.472s] -- Performing Test CMAKE_HAVE_LIBC_PTHREAD - Success
[4.473s] -- Found Threads: TRUE  
[4.714s] -- Found realtime_tools: 2.5.0 (/opt/ros/humble/share/realtime_tools/cmake)
[4.976s] -- Found ament_cmake_gmock: 1.3.5 (/opt/ros/humble/share/ament_cmake_gmock/cmake)
[4.981s] -- Found controller_manager: 2.32.0 (/opt/ros/humble/share/controller_manager/cmake)
[5.228s] -- Found ros2_control_test_assets: 2.32.0 (/opt/ros/humble/share/ros2_control_test_assets/cmake)
[5.233s] -- Found gmock sources under '/opt/ros/humble/src/gmock_vendor': C++ tests using 'Google Mock' will be built
[5.243s] -- Found ament_cmake_gtest: 1.3.5 (/opt/ros/humble/share/ament_cmake_gtest/cmake)
[5.243s] -- Found gtest sources under '/opt/ros/humble/src/gtest_vendor': C++ tests using 'Google Test' will be built
[6.157s] -- Configuring done
[6.202s] -- Generating done
[6.204s] -- Build files have been written to: /home/ubuntu/robot_ws/src/build/imu_sensor_broadcaster
