[0.616s] Invoking command in '/home/ubuntu/robot_ws/src/build/forward_command_controller': CMAKE_PREFIX_PATH=${CMAKE_PREFIX_PATH}:/home/ubuntu/install/turtlebot3_teleop:/home/ubuntu/install/turtlebot3_example:/home/ubuntu/install/the_simplest_python_package:/home/ubuntu/install/python_package_with_a_node:/home/ubuntu/install/python_package_that_uses_the_library:/home/ubuntu/install/python_package_with_a_library:/home/ubuntu/ws_moveit/install/moveit_configs_utils:/home/ubuntu/turtlebot3_ws/install/turtlebot3_teleop:/opt/ros/humble /usr/bin/cmake /home/ubuntu/robot_ws/src/ros2_controllers/forward_command_controller -DCMAKE_BUILD_TYPE=Release -DAMENT_CMAKE_SYMLINK_INSTALL=1 -DCMAKE_INSTALL_PREFIX=/home/ubuntu/robot_ws/src/install
[0.746s] -- The C compiler identification is GNU 11.4.0
[1.300s] -- The CXX compiler identification is GNU 11.4.0
[1.641s] -- Detecting C compiler ABI info
[1.823s] -- Detecting C compiler ABI info - done
[1.831s] -- Check for working C compiler: /usr/bin/cc - skipped
[1.831s] -- Detecting C compile features
[1.831s] -- Detecting C compile features - done
[1.835s] -- Detecting CXX compiler ABI info
[1.977s] -- Detecting CXX compiler ABI info - done
[1.982s] -- Check for working CXX compiler: /usr/bin/c++ - skipped
[1.982s] -- Detecting CXX compile features
[1.983s] -- Detecting CXX compile features - done
[1.989s] -- Found ament_cmake: 1.3.5 (/opt/ros/humble/share/ament_cmake/cmake)
[2.200s] -- Found Python3: /usr/bin/python3.10 (found version "3.10.12") found components: Interpreter 
[2.268s] -- Override CMake install command with custom implementation using symlinks instead of copying resources
[2.347s] -- Found controller_interface: 2.32.0 (/opt/ros/humble/share/controller_interface/cmake)
[2.530s] -- Found rosidl_generator_c: 3.1.5 (/opt/ros/humble/share/rosidl_generator_c/cmake)
[2.539s] -- Found rosidl_adapter: 3.1.5 (/opt/ros/humble/share/rosidl_adapter/cmake)
[2.553s] -- Found rosidl_generator_cpp: 3.1.5 (/opt/ros/humble/share/rosidl_generator_cpp/cmake)
[2.573s] -- Using all available rosidl_typesupport_c: rosidl_typesupport_fastrtps_c;rosidl_typesupport_introspection_c
[2.609s] -- Using all available rosidl_typesupport_cpp: rosidl_typesupport_fastrtps_cpp;rosidl_typesupport_introspection_cpp
[4.357s] -- Found rmw_implementation_cmake: 6.1.1 (/opt/ros/humble/share/rmw_implementation_cmake/cmake)
[4.366s] -- Found rmw_cyclonedds_cpp: 1.3.4 (/opt/ros/humble/share/rmw_cyclonedds_cpp/cmake)
[4.415s] -- Using RMW implementation 'rmw_cyclonedds_cpp' as default
[4.432s] -- Looking for pthread.h
[4.565s] -- Looking for pthread.h - found
[4.565s] -- Performing Test CMAKE_HAVE_LIBC_PTHREAD
[4.714s] -- Performing Test CMAKE_HAVE_LIBC_PTHREAD - Success
[4.715s] -- Found Threads: TRUE  
[4.957s] -- Found realtime_tools: 2.5.0 (/opt/ros/humble/share/realtime_tools/cmake)
[5.215s] -- Found ament_cmake_gmock: 1.3.5 (/opt/ros/humble/share/ament_cmake_gmock/cmake)
[5.223s] -- Found controller_manager: 2.32.0 (/opt/ros/humble/share/controller_manager/cmake)
[5.446s] -- Found ros2_control_test_assets: 2.32.0 (/opt/ros/humble/share/ros2_control_test_assets/cmake)
[5.452s] -- Found gmock sources under '/opt/ros/humble/src/gmock_vendor': C++ tests using 'Google Mock' will be built
[5.461s] -- Found ament_cmake_gtest: 1.3.5 (/opt/ros/humble/share/ament_cmake_gtest/cmake)
[5.462s] -- Found gtest sources under '/opt/ros/humble/src/gtest_vendor': C++ tests using 'Google Test' will be built
[5.955s] -- Configuring done
[6.006s] -- Generating done
[6.008s] -- Build files have been written to: /home/ubuntu/robot_ws/src/build/forward_command_controller
